#
# There is insufficient memory for the Java Runtime Environment to continue.
# Native memory allocation (malloc) failed to allocate 112816 bytes for Chunk::new
# Possible reasons:
#   The system is out of physical RAM or swap space
#   In 32 bit mode, the process size limit was hit
# Possible solutions:
#   Reduce memory load on the system
#   Increase physical memory or swap space
#   Check if swap backing store is full
#   Use 64 bit Java on a 64 bit OS
#   Decrease Java heap size (-Xmx/-Xms)
#   Decrease number of Java threads
#   Decrease Java thread stack sizes (-Xss)
#   Set larger code cache with -XX:ReservedCodeCacheSize=
# This output file may be truncated or incomplete.
#
#  Out of Memory Error (allocation.cpp:390), pid=6368, tid=0x0000000000002a44
#
# JRE version: Java(TM) SE Runtime Environment (8.0_121-b13) (build 1.8.0_121-b13)
# Java VM: Java HotSpot(TM) 64-Bit Server VM (25.121-b13 mixed mode windows-amd64 compressed oops)
# Failed to write core dump. Minidumps are not enabled by default on client versions of Windows
#

---------------  T H R E A D  ---------------

Current thread (0x0000000019d94000):  JavaThread "C2 CompilerThread2" daemon [_thread_in_native, id=10820, stack(0x000000001a750000,0x000000001a850000)]

Stack: [0x000000001a750000,0x000000001a850000]
[error occurred during error reporting (printing stack bounds), id 0xc0000005]

Native frames: (J=compiled Java code, j=interpreted, Vv=VM code, C=native code)


Current CompileTask:
C2:  10398 2212 %     4       com.android.dx.ssa.ConstCollector::updateConstUses @ 20 (248 bytes)


---------------  P R O C E S S  ---------------

Java Threads: ( => current thread )
  0x000000001ab60800 JavaThread "pool-1-thread-4" [_thread_blocked, id=9420, stack(0x000000001b750000,0x000000001b850000)]
  0x000000001ab62800 JavaThread "pool-1-thread-3" [_thread_in_Java, id=12832, stack(0x000000001b650000,0x000000001b750000)]
  0x000000001a157800 JavaThread "pool-1-thread-2" [_thread_blocked, id=14728, stack(0x000000001b550000,0x000000001b650000)]
  0x000000001a0ef800 JavaThread "pool-2-thread-1" [_thread_blocked, id=5888, stack(0x000000001b450000,0x000000001b550000)]
  0x000000001a0ee800 JavaThread "pool-1-thread-1" [_thread_blocked, id=7920, stack(0x000000001b350000,0x000000001b450000)]
  0x0000000019e01800 JavaThread "Service Thread" daemon [_thread_blocked, id=5512, stack(0x000000001a950000,0x000000001aa50000)]
  0x0000000019d98000 JavaThread "C1 CompilerThread3" daemon [_thread_blocked, id=14912, stack(0x000000001a850000,0x000000001a950000)]
=>0x0000000019d94000 JavaThread "C2 CompilerThread2" daemon [_thread_in_native, id=10820, stack(0x000000001a750000,0x000000001a850000)]
  0x0000000019d8e000 JavaThread "C2 CompilerThread1" daemon [_thread_in_native, id=15260, stack(0x000000001a650000,0x000000001a750000)]
  0x0000000019d8b000 JavaThread "C2 CompilerThread0" daemon [_thread_in_native, id=14980, stack(0x000000001a550000,0x000000001a650000)]
  0x0000000019d88000 JavaThread "Attach Listener" daemon [_thread_blocked, id=1376, stack(0x000000001a450000,0x000000001a550000)]
  0x0000000019d87000 JavaThread "Signal Dispatcher" daemon [_thread_blocked, id=1584, stack(0x000000001a350000,0x000000001a450000)]
  0x0000000019d80800 JavaThread "Finalizer" daemon [_thread_blocked, id=4888, stack(0x000000001a160000,0x000000001a260000)]
  0x0000000005377000 JavaThread "Reference Handler" daemon [_thread_blocked, id=2700, stack(0x0000000019c60000,0x0000000019d60000)]
  0x000000000501e800 JavaThread "main" [_thread_blocked, id=3308, stack(0x0000000005180000,0x0000000005280000)]

Other Threads:
  0x0000000017e98800 VMThread [stack: 0x0000000019b60000,0x0000000019c60000] [id=9028]
  0x0000000019e18800 WatcherThread [stack: 0x000000001aa50000,0x000000001ab50000] [id=10464]

VM state:not at safepoint (normal execution)

VM Mutex/Monitor currently owned by a thread: None

Heap:
 PSYoungGen      total 136192K, used 104775K [0x00000000eab00000, 0x00000000fe200000, 0x0000000100000000)
  eden space 131072K, 76% used [0x00000000eab00000,0x00000000f0c56d88,0x00000000f2b00000)
  from space 5120K, 99% used [0x00000000f2b00000,0x00000000f2ffb0e8,0x00000000f3000000)
  to   space 28160K, 0% used [0x00000000fc680000,0x00000000fc680000,0x00000000fe200000)
 ParOldGen       total 86016K, used 49623K [0x00000000c0000000, 0x00000000c5400000, 0x00000000eab00000)
  object space 86016K, 57% used [0x00000000c0000000,0x00000000c3075ec8,0x00000000c5400000)
 Metaspace       used 6481K, capacity 7256K, committed 7424K, reserved 1056768K
  class space    used 631K, capacity 656K, committed 768K, reserved 1048576K

Card table byte_map: [0x0000000014740000,0x0000000014950000] byte_map_base: 0x0000000014140000

Marking Bits: (ParMarkBitMap*) 0x000000006fdcb6d0
 Begin Bits: [0x00000000152b0000, 0x00000000162b0000)
 End Bits:   [0x00000000162b0000, 0x00000000172b0000)

Polling page: 0x0000000003710000

CodeCache: size=245760Kb used=11852Kb max_used=11852Kb free=233907Kb
 bounds [0x0000000005380000, 0x0000000005f20000, 0x0000000014380000]
 total_blobs=2511 nmethods=2247 adapters=176
 compilation: enabled

Compilation events (10 events):
Event: 10.354 Thread 0x0000000019d98000 2296       3       com.android.dx.cf.code.BytecodeArray$ConstantParserVisitor::visitConstant (18 bytes)
Event: 10.354 Thread 0x0000000019d98000 nmethod 2296 0x0000000005ef1ed0 code [0x0000000005ef2020, 0x0000000005ef2190]
Event: 10.354 Thread 0x0000000019d8e000 nmethod 2294 0x0000000005eff190 code [0x0000000005eff2c0, 0x0000000005eff378]
Event: 10.354 Thread 0x0000000019d8e000 2284       4       com.android.dx.rop.code.Rops::opMoveResult (23 bytes)
Event: 10.356 Thread 0x0000000019d8e000 nmethod 2284 0x0000000005efec50 code [0x0000000005efeda0, 0x0000000005efeef8]
Event: 10.356 Thread 0x0000000019d8e000 2297       4       com.android.dx.cf.code.Simulator$SimVisitor::visitConstant (332 bytes)
Event: 10.359 Thread 0x0000000019d98000 2300       3       com.android.dx.cf.direct.StdAttributeFactory::runtimeVisibleAnnotations (44 bytes)
Event: 10.360 Thread 0x0000000019d98000 nmethod 2300 0x0000000005efcc10 code [0x0000000005efcdc0, 0x0000000005efd2f8]
Event: 10.368 Thread 0x0000000019d98000 2302       3       com.android.dx.cf.code.LocalVariableList::mergeDescriptorsAndSignatures (80 bytes)
Event: 10.369 Thread 0x0000000019d98000 nmethod 2302 0x0000000005f1a710 code [0x0000000005f1a9a0, 0x0000000005f1bbf8]

GC Heap History (10 events):
Event: 0.988 GC heap before
{Heap before GC invocations=1 (full 0):
 PSYoungGen      total 37888K, used 32768K [0x00000000eab00000, 0x00000000ed500000, 0x0000000100000000)
  eden space 32768K, 100% used [0x00000000eab00000,0x00000000ecb00000,0x00000000ecb00000)
  from space 5120K, 0% used [0x00000000ed000000,0x00000000ed000000,0x00000000ed500000)
  to   space 5120K, 0% used [0x00000000ecb00000,0x00000000ecb00000,0x00000000ed000000)
 ParOldGen       total 86016K, used 0K [0x00000000c0000000, 0x00000000c5400000, 0x00000000eab00000)
  object space 86016K, 0% used [0x00000000c0000000,0x00000000c0000000,0x00000000c5400000)
 Metaspace       used 5945K, capacity 6904K, committed 7040K, reserved 1056768K
  class space    used 608K, capacity 624K, committed 640K, reserved 1048576K
Event: 1.056 GC heap after
Heap after GC invocations=1 (full 0):
 PSYoungGen      total 37888K, used 5095K [0x00000000eab00000, 0x00000000ef500000, 0x0000000100000000)
  eden space 32768K, 0% used [0x00000000eab00000,0x00000000eab00000,0x00000000ecb00000)
  from space 5120K, 99% used [0x00000000ecb00000,0x00000000ecff9c80,0x00000000ed000000)
  to   space 5120K, 0% used [0x00000000ef000000,0x00000000ef000000,0x00000000ef500000)
 ParOldGen       total 86016K, used 2054K [0x00000000c0000000, 0x00000000c5400000, 0x00000000eab00000)
  object space 86016K, 2% used [0x00000000c0000000,0x00000000c0201910,0x00000000c5400000)
 Metaspace       used 5945K, capacity 6904K, committed 7040K, reserved 1056768K
  class space    used 608K, capacity 624K, committed 640K, reserved 1048576K
}
Event: 3.520 GC heap before
{Heap before GC invocations=2 (full 0):
 PSYoungGen      total 37888K, used 37863K [0x00000000eab00000, 0x00000000ef500000, 0x0000000100000000)
  eden space 32768K, 100% used [0x00000000eab00000,0x00000000ecb00000,0x00000000ecb00000)
  from space 5120K, 99% used [0x00000000ecb00000,0x00000000ecff9c80,0x00000000ed000000)
  to   space 5120K, 0% used [0x00000000ef000000,0x00000000ef000000,0x00000000ef500000)
 ParOldGen       total 86016K, used 2054K [0x00000000c0000000, 0x00000000c5400000, 0x00000000eab00000)
  object space 86016K, 2% used [0x00000000c0000000,0x00000000c0201910,0x00000000c5400000)
 Metaspace       used 6212K, capacity 7096K, committed 7296K, reserved 1056768K
  class space    used 610K, capacity 624K, committed 640K, reserved 1048576K
Event: 3.731 GC heap after
Heap after GC invocations=2 (full 0):
 PSYoungGen      total 70656K, used 5120K [0x00000000eab00000, 0x00000000ef500000, 0x0000000100000000)
  eden space 65536K, 0% used [0x00000000eab00000,0x00000000eab00000,0x00000000eeb00000)
  from space 5120K, 100% used [0x00000000ef000000,0x00000000ef500000,0x00000000ef500000)
  to   space 5120K, 0% used [0x00000000eeb00000,0x00000000eeb00000,0x00000000ef000000)
 ParOldGen       total 86016K, used 6925K [0x00000000c0000000, 0x00000000c5400000, 0x00000000eab00000)
  object space 86016K, 8% used [0x00000000c0000000,0x00000000c06c3450,0x00000000c5400000)
 Metaspace       used 6212K, capacity 7096K, committed 7296K, reserved 1056768K
  class space    used 610K, capacity 624K, committed 640K, reserved 1048576K
}
Event: 5.677 GC heap before
{Heap before GC invocations=3 (full 0):
 PSYoungGen      total 70656K, used 70656K [0x00000000eab00000, 0x00000000ef500000, 0x0000000100000000)
  eden space 65536K, 100% used [0x00000000eab00000,0x00000000eeb00000,0x00000000eeb00000)
  from space 5120K, 100% used [0x00000000ef000000,0x00000000ef500000,0x00000000ef500000)
  to   space 5120K, 0% used [0x00000000eeb00000,0x00000000eeb00000,0x00000000ef000000)
 ParOldGen       total 86016K, used 6925K [0x00000000c0000000, 0x00000000c5400000, 0x00000000eab00000)
  object space 86016K, 8% used [0x00000000c0000000,0x00000000c06c3450,0x00000000c5400000)
 Metaspace       used 6297K, capacity 7160K, committed 7296K, reserved 1056768K
  class space    used 610K, capacity 624K, committed 640K, reserved 1048576K
Event: 5.955 GC heap after
Heap after GC invocations=3 (full 0):
 PSYoungGen      total 70656K, used 5100K [0x00000000eab00000, 0x00000000f3500000, 0x0000000100000000)
  eden space 65536K, 0% used [0x00000000eab00000,0x00000000eab00000,0x00000000eeb00000)
  from space 5120K, 99% used [0x00000000eeb00000,0x00000000eeffb080,0x00000000ef000000)
  to   space 5120K, 0% used [0x00000000f3000000,0x00000000f3000000,0x00000000f3500000)
 ParOldGen       total 86016K, used 17206K [0x00000000c0000000, 0x00000000c5400000, 0x00000000eab00000)
  object space 86016K, 20% used [0x00000000c0000000,0x00000000c10cda08,0x00000000c5400000)
 Metaspace       used 6297K, capacity 7160K, committed 7296K, reserved 1056768K
  class space    used 610K, capacity 624K, committed 640K, reserved 1048576K
}
Event: 6.224 GC heap before
{Heap before GC invocations=4 (full 0):
 PSYoungGen      total 70656K, used 70636K [0x00000000eab00000, 0x00000000f3500000, 0x0000000100000000)
  eden space 65536K, 100% used [0x00000000eab00000,0x00000000eeb00000,0x00000000eeb00000)
  from space 5120K, 99% used [0x00000000eeb00000,0x00000000eeffb080,0x00000000ef000000)
  to   space 5120K, 0% used [0x00000000f3000000,0x00000000f3000000,0x00000000f3500000)
 ParOldGen       total 86016K, used 17206K [0x00000000c0000000, 0x00000000c5400000, 0x00000000eab00000)
  object space 86016K, 20% used [0x00000000c0000000,0x00000000c10cda08,0x00000000c5400000)
 Metaspace       used 6419K, capacity 7256K, committed 7424K, reserved 1056768K
  class space    used 629K, capacity 656K, committed 768K, reserved 1048576K
Event: 6.708 GC heap after
Heap after GC invocations=4 (full 0):
 PSYoungGen      total 136192K, used 5088K [0x00000000eab00000, 0x00000000f3500000, 0x0000000100000000)
  eden space 131072K, 0% used [0x00000000eab00000,0x00000000eab00000,0x00000000f2b00000)
  from space 5120K, 99% used [0x00000000f3000000,0x00000000f34f8020,0x00000000f3500000)
  to   space 5120K, 0% used [0x00000000f2b00000,0x00000000f2b00000,0x00000000f3000000)
 ParOldGen       total 86016K, used 28487K [0x00000000c0000000, 0x00000000c5400000, 0x00000000eab00000)
  object space 86016K, 33% used [0x00000000c0000000,0x00000000c1bd1c30,0x00000000c5400000)
 Metaspace       used 6419K, capacity 7256K, committed 7424K, reserved 1056768K
  class space    used 629K, capacity 656K, committed 768K, reserved 1048576K
}
Event: 9.194 GC heap before
{Heap before GC invocations=5 (full 0):
 PSYoungGen      total 136192K, used 136160K [0x00000000eab00000, 0x00000000f3500000, 0x0000000100000000)
  eden space 131072K, 100% used [0x00000000eab00000,0x00000000f2b00000,0x00000000f2b00000)
  from space 5120K, 99% used [0x00000000f3000000,0x00000000f34f8020,0x00000000f3500000)
  to   space 5120K, 0% used [0x00000000f2b00000,0x00000000f2b00000,0x00000000f3000000)
 ParOldGen       total 86016K, used 28487K [0x00000000c0000000, 0x00000000c5400000, 0x00000000eab00000)
  object space 86016K, 33% used [0x00000000c0000000,0x00000000c1bd1c30,0x00000000c5400000)
 Metaspace       used 6464K, capacity 7256K, committed 7424K, reserved 1056768K
  class space    used 631K, capacity 656K, committed 768K, reserved 1048576K
Event: 9.475 GC heap after
Heap after GC invocations=5 (full 0):
 PSYoungGen      total 136192K, used 5100K [0x00000000eab00000, 0x00000000fe200000, 0x0000000100000000)
  eden space 131072K, 0% used [0x00000000eab00000,0x00000000eab00000,0x00000000f2b00000)
  from space 5120K, 99% used [0x00000000f2b00000,0x00000000f2ffb0e8,0x00000000f3000000)
  to   space 28160K, 0% used [0x00000000fc680000,0x00000000fc680000,0x00000000fe200000)
 ParOldGen       total 86016K, used 49623K [0x00000000c0000000, 0x00000000c5400000, 0x00000000eab00000)
  object space 86016K, 57% used [0x00000000c0000000,0x00000000c3075ec8,0x00000000c5400000)
 Metaspace       used 6464K, capacity 7256K, committed 7424K, reserved 1056768K
  class space    used 631K, capacity 656K, committed 768K, reserved 1048576K
}

Deoptimization events (10 events):
Event: 9.049 Thread 0x000000001a157800 Uncommon trap: reason=unstable_if action=reinterpret pc=0x0000000005d884b4 method=com.android.dx.cf.code.Ropper.addOrReplaceBlock(Lcom/android/dx/rop/code/BasicBlock;Lcom/android/dx/util/IntList;)Z @ 24
Event: 9.869 Thread 0x000000001a0ee800 Uncommon trap: reason=unstable_if action=reinterpret pc=0x0000000005c06a8c method=com.android.dx.rop.code.BasicBlockList.preferredSuccessorOf(Lcom/android/dx/rop/code/BasicBlock;)Lcom/android/dx/rop/code/BasicBlock; @ 58
Event: 9.869 Thread 0x000000001a0ee800 Uncommon trap: reason=unstable_if action=reinterpret pc=0x0000000005a53e74 method=com.android.dx.rop.code.BasicBlockList.preferredSuccessorOf(Lcom/android/dx/rop/code/BasicBlock;)Lcom/android/dx/rop/code/BasicBlock; @ 58
Event: 10.072 Thread 0x000000001ab60800 Uncommon trap: reason=bimorphic action=maybe_recompile pc=0x0000000005e1d5d4 method=com.android.dx.ssa.back.FirstFitLocalCombiningAllocator.findNextUnreservedRopReg(IILcom/android/dx/ssa/back/FirstFitLocalCombiningAllocator$Alignment;)I @ 60
Event: 10.072 Thread 0x000000001ab60800 Uncommon trap: reason=bimorphic action=maybe_recompile pc=0x0000000005e1d5d4 method=com.android.dx.ssa.back.FirstFitLocalCombiningAllocator.findNextUnreservedRopReg(IILcom/android/dx/ssa/back/FirstFitLocalCombiningAllocator$Alignment;)I @ 60
Event: 10.072 Thread 0x000000001ab60800 Uncommon trap: reason=bimorphic action=maybe_recompile pc=0x0000000005e1d5d4 method=com.android.dx.ssa.back.FirstFitLocalCombiningAllocator.findNextUnreservedRopReg(IILcom/android/dx/ssa/back/FirstFitLocalCombiningAllocator$Alignment;)I @ 60
Event: 10.072 Thread 0x000000001ab60800 Uncommon trap: reason=bimorphic action=maybe_recompile pc=0x0000000005e1d5d4 method=com.android.dx.ssa.back.FirstFitLocalCombiningAllocator.findNextUnreservedRopReg(IILcom/android/dx/ssa/back/FirstFitLocalCombiningAllocator$Alignment;)I @ 60
Event: 10.073 Thread 0x000000001ab60800 Uncommon trap: reason=unstable_if action=reinterpret pc=0x0000000005e9e5c0 method=com.android.dx.rop.code.Insn.contentEquals(Lcom/android/dx/rop/code/Insn;)Z @ 47
Event: 10.091 Thread 0x000000001a0ee800 Uncommon trap: reason=class_check action=maybe_recompile pc=0x0000000005b3c40c method=com.android.dx.ssa.SCCP.replaceConstants()V @ 127
Event: 10.117 Thread 0x000000001ab62800 Uncommon trap: reason=unstable_if action=reinterpret pc=0x0000000005b00798 method=com.android.dx.cf.code.BaseMachine.popArgs(Lcom/android/dx/cf/code/Frame;I)V @ 15

Internal exceptions (5 events):
Event: 0.073 Thread 0x000000000501e800 Exception <a 'java/lang/NoSuchMethodError': Method sun.misc.Unsafe.defineClass(Ljava/lang/String;[BII)Ljava/lang/Class; name or signature does not match> (0x00000000eab07ca8) thrown at [C:\re\workspace\8-2-build-windows-amd64-cygwin\jdk8u121\8372\hotspot\
Event: 0.073 Thread 0x000000000501e800 Exception <a 'java/lang/NoSuchMethodError': Method sun.misc.Unsafe.prefetchRead(Ljava/lang/Object;J)V name or signature does not match> (0x00000000eab07f90) thrown at [C:\re\workspace\8-2-build-windows-amd64-cygwin\jdk8u121\8372\hotspot\src\share\vm\prims
Event: 6.056 Thread 0x000000001a0ee800 Exception <a 'java/lang/ArrayIndexOutOfBoundsException': 18> (0x00000000ec08a240) thrown at [C:\re\workspace\8-2-build-windows-amd64-cygwin\jdk8u121\8372\hotspot\src\share\vm\interpreter\interpreterRuntime.cpp, line 366]
Event: 6.056 Thread 0x000000001a0ee800 Exception <a 'java/lang/ArrayIndexOutOfBoundsException': 145> (0x00000000ec08bdc0) thrown at [C:\re\workspace\8-2-build-windows-amd64-cygwin\jdk8u121\8372\hotspot\src\share\vm\interpreter\interpreterRuntime.cpp, line 366]
Event: 6.057 Thread 0x000000001a0ee800 Exception <a 'java/lang/ArrayIndexOutOfBoundsException'> (0x00000000ec08d0c0) thrown at [C:\re\workspace\8-2-build-windows-amd64-cygwin\jdk8u121\8372\hotspot\src\share\vm\runtime\sharedRuntime.cpp, line 605]

Events (10 events):
Event: 10.248 Thread 0x000000000501e800 DEOPT PACKING pc=0x00000000058810e4 sp=0x000000000527e440
Event: 10.248 Thread 0x000000000501e800 DEOPT UNPACKING pc=0x00000000053c787f sp=0x000000000527e200 mode 0
Event: 10.250 Thread 0x000000001ab60800 DEOPT PACKING pc=0x00000000058bd493 sp=0x000000001b84e670
Event: 10.250 Thread 0x000000001ab60800 DEOPT UNPACKING pc=0x00000000053c787f sp=0x000000001b84e3e8 mode 0
Event: 10.250 Thread 0x000000000501e800 DEOPT PACKING pc=0x00000000058d1a4b sp=0x000000000527e540
Event: 10.250 Thread 0x000000000501e800 DEOPT UNPACKING pc=0x00000000053c787f sp=0x000000000527e350 mode 0
Event: 10.263 Thread 0x000000001a0ee800 DEOPT PACKING pc=0x00000000058d7464 sp=0x000000001b44f170
Event: 10.263 Thread 0x000000001a0ee800 DEOPT UNPACKING pc=0x00000000053c787f sp=0x000000001b44ef50 mode 0
Event: 10.343 Thread 0x000000000501e800 DEOPT PACKING pc=0x00000000054d7247 sp=0x000000000527ead0
Event: 10.343 Thread 0x000000000501e800 DEOPT UNPACKING pc=0x00000000053c787f sp=0x000000000527e800 mode 0


Dynamic libraries:
0x00007ff7ceb30000 - 0x00007ff7ceb67000 	C:\Program Files\Java\jdk1.8.0_121\bin\java.exe
0x00007ffd5f5f0000 - 0x00007ffd5f7d0000 	C:\WINDOWS\SYSTEM32\ntdll.dll
0x00007ffd5e2d0000 - 0x00007ffd5e37e000 	C:\WINDOWS\System32\KERNEL32.DLL
0x00007ffd5b9f0000 - 0x00007ffd5bc56000 	C:\WINDOWS\System32\KERNELBASE.dll
0x00007ffd5f1a0000 - 0x00007ffd5f241000 	C:\WINDOWS\System32\ADVAPI32.dll
0x00007ffd5cb20000 - 0x00007ffd5cbbd000 	C:\WINDOWS\System32\msvcrt.dll
0x00007ffd5cbe0000 - 0x00007ffd5cc3b000 	C:\WINDOWS\System32\sechost.dll
0x00007ffd5f330000 - 0x00007ffd5f44f000 	C:\WINDOWS\System32\RPCRT4.dll
0x00007ffd5e130000 - 0x00007ffd5e2bf000 	C:\WINDOWS\System32\USER32.dll
0x00007ffd5c9f0000 - 0x00007ffd5ca10000 	C:\WINDOWS\System32\win32u.dll
0x00007ffd5f250000 - 0x00007ffd5f278000 	C:\WINDOWS\System32\GDI32.dll
0x00007ffd5bd30000 - 0x00007ffd5bec3000 	C:\WINDOWS\System32\gdi32full.dll
0x00007ffd5bed0000 - 0x00007ffd5bf6b000 	C:\WINDOWS\System32\msvcp_win.dll
0x00007ffd5bfd0000 - 0x00007ffd5c0c6000 	C:\WINDOWS\System32\ucrtbase.dll
0x00007ffd4c060000 - 0x00007ffd4c2c9000 	C:\WINDOWS\WinSxS\amd64_microsoft.windows.common-controls_6595b64144ccf1df_6.0.16299.125_none_15cbcf8893620c09\COMCTL32.dll
0x00007ffd5ee30000 - 0x00007ffd5f138000 	C:\WINDOWS\System32\combase.dll
0x00007ffd5bcb0000 - 0x00007ffd5bd22000 	C:\WINDOWS\System32\bcryptPrimitives.dll
0x00007ffd5f300000 - 0x00007ffd5f32d000 	C:\WINDOWS\System32\IMM32.DLL
0x00000000704c0000 - 0x0000000070592000 	C:\Program Files\Java\jdk1.8.0_121\jre\bin\msvcr100.dll
0x000000006f5b0000 - 0x000000006fe4b000 	C:\Program Files\Java\jdk1.8.0_121\jre\bin\server\jvm.dll
0x00007ffd5ed10000 - 0x00007ffd5ed18000 	C:\WINDOWS\System32\PSAPI.DLL
0x00007ffd59f10000 - 0x00007ffd59f19000 	C:\WINDOWS\SYSTEM32\WSOCK32.dll
0x00007ffd5edc0000 - 0x00007ffd5ee2c000 	C:\WINDOWS\System32\WS2_32.dll
0x00007ffd52600000 - 0x00007ffd5260a000 	C:\WINDOWS\SYSTEM32\VERSION.dll
0x00007ffd58210000 - 0x00007ffd58233000 	C:\WINDOWS\SYSTEM32\WINMM.dll
0x00007ffd58190000 - 0x00007ffd581ba000 	C:\WINDOWS\SYSTEM32\winmmbase.dll
0x00007ffd5bc60000 - 0x00007ffd5bcaa000 	C:\WINDOWS\System32\cfgmgr32.dll
0x00000000704b0000 - 0x00000000704bf000 	C:\Program Files\Java\jdk1.8.0_121\jre\bin\verify.dll
0x0000000070480000 - 0x00000000704a9000 	C:\Program Files\Java\jdk1.8.0_121\jre\bin\java.dll
0x0000000070460000 - 0x0000000070476000 	C:\Program Files\Java\jdk1.8.0_121\jre\bin\zip.dll
0x00007ffd5ccf0000 - 0x00007ffd5e126000 	C:\WINDOWS\System32\SHELL32.dll
0x00007ffd5cc40000 - 0x00007ffd5cce6000 	C:\WINDOWS\System32\shcore.dll
0x00007ffd5c0d0000 - 0x00007ffd5c817000 	C:\WINDOWS\System32\windows.storage.dll
0x00007ffd5f140000 - 0x00007ffd5f191000 	C:\WINDOWS\System32\shlwapi.dll
0x00007ffd5b990000 - 0x00007ffd5b9a1000 	C:\WINDOWS\System32\kernel.appcore.dll
0x00007ffd5b940000 - 0x00007ffd5b98c000 	C:\WINDOWS\System32\powrprof.dll
0x00007ffd5b9b0000 - 0x00007ffd5b9cb000 	C:\WINDOWS\System32\profapi.dll

VM Arguments:
jvm_args: -Djava.awt.headless=true -Xmx1024M -Dfile.encoding=windows-1252 -Duser.country=NZ -Duser.language=en -Duser.variant 
java_command: com.android.dx.command.Main --dex --num-threads=4 --output C:\Dev\Apps\Logbook\android\app\build\intermediates\pre-dexed\debug\com.facebook.react-react-native-0.46.4_4ebe453e1db66c0104571a0c4d977bf6c4f04c8e.jar C:\Dev\Apps\Logbook\android\app\build\intermediates\exploded-aar\com.facebook.react\react-native\0.46.4\jars\classes.jar
java_class_path (initial): C:\Users\Andrew\AppData\Local\Android\sdk\build-tools\23.0.1\lib\dx.jar
Launcher Type: SUN_STANDARD

Environment Variables:
JAVA_HOME=C:\Program Files\Java\jdk1.8.0_121
CLASSPATH=c:\Dev\Apps\Logbook\android\\gradle\wrapper\gradle-wrapper.jar
PATH=c:\programdata\oracle\java\javapath;c:\python27\;c:\python27\scripts;c:\windows\system32;c:\windows;c:\windows\system32\wbem;c:\windows\system32\windowspowershell\v1.0\;c:\users\andrew\.dnx\bin;c:\program files\microsoft dnx\dnvm\;c:\program files\microsoft sql server\130\tools\binn\;c:\program files\microsoft sql server\client sdk\odbc\130\tools\binn\;c:\program files (x86)\microsoft sql server\130\tools\binn\;c:\program files\microsoft sql server\130\dts\binn\;c:\program files (x86)\microsoft sql server\client sdk\odbc\130\tools\binn\;c:\program files (x86)\microsoft sql server\130\dts\binn\;c:\program files (x86)\microsoft sql server\130\tools\binn\managementstudio\;c:\program files\git\cmd;c:\program files (x86)\microsoft sql server\110\dts\binn\;c:\program files (x86)\microsoft sql server\120\dts\binn\;c:\program files\microsoft\web platform installer\;c:\program files\dotnet\;c:\programdata\chocolatey\bin;c:\program files\nodejs\;c:\users\andrew\appdata\local\android\sdk\platform-tools;c:\program files (x86)\microsoft emulator manager\1.0\;%systemroot%\system32;%systemroot%;%systemroot%\system32\wbem;%systemroot%\system32\windowspowershell\v1.0\;C:\Program Files (x86)\NVIDIA Corporation\PhysX\Common;C:\Users\Andrew\AppData\Local\Microsoft\WindowsApps;C:\Users\Andrew\AppData\Roaming\npm;C:\Users\Andrew\AppData\Local\atom\bin;C:\Program Files (x86)\Microsoft VS Code\bin;C:\Users\Andrew\AppData\Local\Android\sdk\platform-tools;;C:\Users\Andrew\AppData\Local\Programs\Fiddler;%USERPROFILE%\AppData\Local\Microsoft\WindowsApps
USERNAME=Andrew
OS=Windows_NT
PROCESSOR_IDENTIFIER=Intel64 Family 6 Model 94 Stepping 3, GenuineIntel



---------------  S Y S T E M  ---------------

OS: Windows 10.0 , 64 bit Build 16299 (10.0.16299.15)

CPU:total 8 (4 cores per cpu, 2 threads per core) family 6 model 94 stepping 3, cmov, cx8, fxsr, mmx, sse, sse2, sse3, ssse3, sse4.1, sse4.2, popcnt, avx, avx2, aes, clmul, erms, rtm, 3dnowpref, lzcnt, ht, tsc, tscinvbit, bmi1, bmi2, adx

Memory: 4k page, physical 8209456k(497032k free), swap 12403760k(4140k free)

vm_info: Java HotSpot(TM) 64-Bit Server VM (25.121-b13) for windows-amd64 JRE (1.8.0_121-b13), built on Dec 12 2016 18:21:36 by "java_re" with MS VC++ 10.0 (VS2010)

time: Wed Dec 20 13:31:55 2017
elapsed time: 10 seconds (0d 0h 0m 10s)

