#
# A fatal error has been detected by the Java Runtime Environment:
#
#  Internal Error (0xc06d007e), pid=14408, tid=0x000000000000290c
#
# JRE version:  (8.0_121-b13) (build )
# Java VM: Java HotSpot(TM) 64-Bit Server VM (25.121-b13 mixed mode windows-amd64 compressed oops)
# Problematic frame:
# C  [KERNELBASE.dll+0x13fb8]
#
# Failed to write core dump. Minidumps are not enabled by default on client versions of Windows
#
# If you would like to submit a bug report, please visit:
#   http://bugreport.java.com/bugreport/crash.jsp
# The crash happened outside the Java Virtual Machine in native code.
# See problematic frame for where to report the bug.
#

---------------  T H R E A D  ---------------

Current thread (0x00000000043ae800):  JavaThread "main" [_thread_in_native, id=10508, stack(0x0000000004260000,0x0000000004360000)]

siginfo: ExceptionCode=0xc06d007e, ExceptionInformation=0x000000000435e7c0 

Registers:
RAX=0x0000000000000000, RBX=0x0000000000000000, RCX=0x0000000dfffffff0, RDX=0x0000000000000004
RSP=0x000000000435e6c0, RBP=0x000000000435e818, RSI=0x000000007049d8bc, RDI=0x0000000000000000
R8 =0x00007ffd5f618912, R9 =0x0000000000000040, R10=0x0000000000000000, R11=0x0000000002900300
R12=0x0000000000000001, R13=0x00000000704a5780, R14=0x00000000704a5510, R15=0x000000007049d948
RIP=0x00007ffd5ba03fb8, EFLAGS=0x0000000000000202

Top of Stack: (sp=0x000000000435e6c0)
0x000000000435e6c0:   000000007049d948 0000000000000000
0x000000000435e6d0:   000000007049d8bc 0000000000000000
0x000000000435e6e0:   00000000c06d007e 0000000000000000
0x000000000435e6f0:   00007ffd5ba03fb8 00007ffd00000001
0x000000000435e700:   000000000435e7c0 0000000002916ca0
0x000000000435e710:   0000000000000000 0000000000000000
0x000000000435e720:   0000000000000000 00007ffd5b9fdbaf
0x000000000435e730:   0073005c00000000 000000007049d8bc
0x000000000435e740:   00005175eb64da27 0000000000000000
0x000000000435e750:   0000000000000000 0000000000000000
0x000000000435e760:   000000007049cb60 00007ffd5b9fd209
0x000000000435e770:   0000000000000000 0000000070514e7e
0x000000000435e780:   0000aa8cd9ce66a5 00000000704e5695
0x000000000435e790:   0000000000000000 0000000070498a07
0x000000000435e7a0:   0000000000000000 000000007049d8bc
0x000000000435e7b0:   0000000000000001 00000000705138a8 

Instructions: (pc=0x00007ffd5ba03fb8)
0x00007ffd5ba03f98:   49 8b d1 44 0f 47 c0 44 89 44 24 38 49 c1 e0 03
0x00007ffd5ba03fa8:   e8 ba 16 07 00 48 8d 4c 24 20 ff 15 38 4b 16 00
0x00007ffd5ba03fb8:   48 8b 8c 24 c0 00 00 00 48 33 cc e8 98 e6 06 00
0x00007ffd5ba03fc8:   48 81 c4 d8 00 00 00 c3 83 64 24 38 00 eb d6 cc 


Register to memory mapping:

RAX=0x0000000000000000 is an unknown value
RBX=0x0000000000000000 is an unknown value
RCX=0x0000000dfffffff0 is an unknown value
RDX=0x0000000000000004 is an unknown value
RSP=0x000000000435e6c0 is pointing into the stack for thread: 0x00000000043ae800
RBP=0x000000000435e818 is pointing into the stack for thread: 0x00000000043ae800
RSI=0x000000007049d8bc is an unknown value
RDI=0x0000000000000000 is an unknown value
R8 =0x00007ffd5f618912 is an unknown value
R9 =0x0000000000000040 is an unknown value
R10=0x0000000000000000 is an unknown value
R11=0x0000000002900300 is an unknown value
R12=0x0000000000000001 is an unknown value
R13=0x00000000704a5780 is an unknown value
R14=0x00000000704a5510 is an unknown value
R15=0x000000007049d948 is an unknown value


Stack: [0x0000000004260000,0x0000000004360000],  sp=0x000000000435e6c0,  free space=1017k
Native frames: (J=compiled Java code, j=interpreted, Vv=VM code, C=native code)
C  [KERNELBASE.dll+0x13fb8]

Java frames: (J=compiled Java code, j=interpreted, Vv=VM code)
j  java.lang.System.initProperties(Ljava/util/Properties;)Ljava/util/Properties;+0
j  java.lang.System.initializeSystemClass()V+13
v  ~StubRoutines::call_stub

---------------  P R O C E S S  ---------------

Java Threads: ( => current thread )
  0x00000000045c8800 JavaThread "Finalizer" daemon [_thread_blocked, id=14004, stack(0x00000000193c0000,0x00000000194c0000)]
  0x00000000045c5000 JavaThread "Reference Handler" daemon [_thread_blocked, id=14056, stack(0x0000000018ec0000,0x0000000018fc0000)]
=>0x00000000043ae800 JavaThread "main" [_thread_in_native, id=10508, stack(0x0000000004260000,0x0000000004360000)]

Other Threads:
  0x00000000170e9800 VMThread [stack: 0x0000000018dc0000,0x0000000018ec0000] [id=13492]

VM state:not at safepoint (normal execution)

VM Mutex/Monitor currently owned by a thread: None

Heap:
 PSYoungGen      total 37888K, used 655K [0x00000000eab00000, 0x00000000ed500000, 0x0000000100000000)
  eden space 32768K, 2% used [0x00000000eab00000,0x00000000eaba3d80,0x00000000ecb00000)
  from space 5120K, 0% used [0x00000000ed000000,0x00000000ed000000,0x00000000ed500000)
  to   space 5120K, 0% used [0x00000000ecb00000,0x00000000ecb00000,0x00000000ed000000)
 ParOldGen       total 86016K, used 0K [0x00000000c0000000, 0x00000000c5400000, 0x00000000eab00000)
  object space 86016K, 0% used [0x00000000c0000000,0x00000000c0000000,0x00000000c5400000)
 Metaspace       used 1103K, capacity 4480K, committed 4480K, reserved 1056768K
  class space    used 116K, capacity 384K, committed 384K, reserved 1048576K

Card table byte_map: [0x0000000013990000,0x0000000013ba0000] byte_map_base: 0x0000000013390000

Marking Bits: (ParMarkBitMap*) 0x000000006fdcb6d0
 Begin Bits: [0x0000000014500000, 0x0000000015500000)
 End Bits:   [0x0000000015500000, 0x0000000016500000)

Polling page: 0x00000000003f0000

CodeCache: size=245760Kb used=405Kb max_used=405Kb free=245354Kb
 bounds [0x00000000045d0000, 0x0000000004840000, 0x00000000135d0000]
 total_blobs=103 nmethods=0 adapters=77
 compilation: enabled

Compilation events (0 events):
No events

GC Heap History (0 events):
No events

Deoptimization events (0 events):
No events

Internal exceptions (2 events):
Event: 0.582 Thread 0x00000000043ae800 Exception <a 'java/lang/NoSuchMethodError': Method sun.misc.Unsafe.defineClass(Ljava/lang/String;[BII)Ljava/lang/Class; name or signature does not match> (0x00000000eab07ca8) thrown at [C:\re\workspace\8-2-build-windows-amd64-cygwin\jdk8u121\8372\hotspot\
Event: 0.583 Thread 0x00000000043ae800 Exception <a 'java/lang/NoSuchMethodError': Method sun.misc.Unsafe.prefetchRead(Ljava/lang/Object;J)V name or signature does not match> (0x00000000eab07f90) thrown at [C:\re\workspace\8-2-build-windows-amd64-cygwin\jdk8u121\8372\hotspot\src\share\vm\prims

Events (10 events):
Event: 0.587 loading class java/util/HashMap$Node done
Event: 0.741 loading class sun/misc/VM
Event: 0.741 loading class sun/misc/VM done
Event: 0.742 loading class java/util/Hashtable$Entry
Event: 0.742 loading class java/util/Hashtable$Entry done
Event: 0.742 loading class java/lang/Math
Event: 0.742 loading class java/lang/Math done
Event: 0.742 loading class java/lang/ref/Finalizer$FinalizerThread
Event: 0.742 loading class java/lang/ref/Finalizer$FinalizerThread done
Event: 0.743 Thread 0x00000000045c8800 Thread added: 0x00000000045c8800


Dynamic libraries:
0x00007ff7ceb30000 - 0x00007ff7ceb67000 	C:\Program Files\Java\jdk1.8.0_121\bin\java.exe
0x00007ffd5f5f0000 - 0x00007ffd5f7d0000 	C:\WINDOWS\SYSTEM32\ntdll.dll
0x00007ffd5e2d0000 - 0x00007ffd5e37e000 	C:\WINDOWS\System32\KERNEL32.DLL
0x00007ffd5b9f0000 - 0x00007ffd5bc56000 	C:\WINDOWS\System32\KERNELBASE.dll
0x00007ffd5f1a0000 - 0x00007ffd5f241000 	C:\WINDOWS\System32\ADVAPI32.dll
0x00007ffd5cb20000 - 0x00007ffd5cbbd000 	C:\WINDOWS\System32\msvcrt.dll
0x00007ffd5cbe0000 - 0x00007ffd5cc3b000 	C:\WINDOWS\System32\sechost.dll
0x00007ffd5f330000 - 0x00007ffd5f44f000 	C:\WINDOWS\System32\RPCRT4.dll
0x00007ffd5e130000 - 0x00007ffd5e2bf000 	C:\WINDOWS\System32\USER32.dll
0x00007ffd5c9f0000 - 0x00007ffd5ca10000 	C:\WINDOWS\System32\win32u.dll
0x00007ffd5f250000 - 0x00007ffd5f278000 	C:\WINDOWS\System32\GDI32.dll
0x00007ffd5bd30000 - 0x00007ffd5bec3000 	C:\WINDOWS\System32\gdi32full.dll
0x00007ffd5bed0000 - 0x00007ffd5bf6b000 	C:\WINDOWS\System32\msvcp_win.dll
0x00007ffd5bfd0000 - 0x00007ffd5c0c6000 	C:\WINDOWS\System32\ucrtbase.dll
0x00007ffd4c060000 - 0x00007ffd4c2c9000 	C:\WINDOWS\WinSxS\amd64_microsoft.windows.common-controls_6595b64144ccf1df_6.0.16299.125_none_15cbcf8893620c09\COMCTL32.dll
0x00007ffd5ee30000 - 0x00007ffd5f138000 	C:\WINDOWS\System32\combase.dll
0x00007ffd5bcb0000 - 0x00007ffd5bd22000 	C:\WINDOWS\System32\bcryptPrimitives.dll
0x00007ffd5f300000 - 0x00007ffd5f32d000 	C:\WINDOWS\System32\IMM32.DLL
0x00000000704c0000 - 0x0000000070592000 	C:\Program Files\Java\jdk1.8.0_121\jre\bin\msvcr100.dll
0x000000006f5b0000 - 0x000000006fe4b000 	C:\Program Files\Java\jdk1.8.0_121\jre\bin\server\jvm.dll
0x00007ffd5ed10000 - 0x00007ffd5ed18000 	C:\WINDOWS\System32\PSAPI.DLL
0x00007ffd59f10000 - 0x00007ffd59f19000 	C:\WINDOWS\SYSTEM32\WSOCK32.dll
0x00007ffd5edc0000 - 0x00007ffd5ee2c000 	C:\WINDOWS\System32\WS2_32.dll
0x00007ffd58210000 - 0x00007ffd58233000 	C:\WINDOWS\SYSTEM32\WINMM.dll
0x00007ffd52600000 - 0x00007ffd5260a000 	C:\WINDOWS\SYSTEM32\VERSION.dll
0x00007ffd58190000 - 0x00007ffd581ba000 	C:\WINDOWS\SYSTEM32\WINMMBASE.dll
0x00007ffd5bc60000 - 0x00007ffd5bcaa000 	C:\WINDOWS\System32\cfgmgr32.dll
0x00000000704b0000 - 0x00000000704bf000 	C:\Program Files\Java\jdk1.8.0_121\jre\bin\verify.dll
0x0000000070480000 - 0x00000000704a9000 	C:\Program Files\Java\jdk1.8.0_121\jre\bin\java.dll
0x0000000070460000 - 0x0000000070476000 	C:\Program Files\Java\jdk1.8.0_121\jre\bin\zip.dll

VM Arguments:
jvm_args: -Djava.awt.headless=true -Xmx1024M -Dfile.encoding=windows-1252 -Duser.country=NZ -Duser.language=en -Duser.variant 
java_command: com.android.dx.command.Main --dex --num-threads=4 --output C:\Dev\Apps\Logbook\android\app\build\intermediates\pre-dexed\debug\Logbook-react-native-vector-icons-unspecified_85601914a1dfd9283532fa8aca22965a16ed821f.jar C:\Dev\Apps\Logbook\android\app\build\intermediates\exploded-aar\Logbook\react-native-vector-icons\unspecified\jars\classes.jar
java_class_path (initial): C:\Users\Andrew\AppData\Local\Android\sdk\build-tools\23.0.1\lib\dx.jar
Launcher Type: SUN_STANDARD

Environment Variables:
JAVA_HOME=C:\Program Files\Java\jdk1.8.0_121
CLASSPATH=c:\Dev\Apps\Logbook\android\\gradle\wrapper\gradle-wrapper.jar
PATH=c:\programdata\oracle\java\javapath;c:\python27\;c:\python27\scripts;c:\windows\system32;c:\windows;c:\windows\system32\wbem;c:\windows\system32\windowspowershell\v1.0\;c:\users\andrew\.dnx\bin;c:\program files\microsoft dnx\dnvm\;c:\program files\microsoft sql server\130\tools\binn\;c:\program files\microsoft sql server\client sdk\odbc\130\tools\binn\;c:\program files (x86)\microsoft sql server\130\tools\binn\;c:\program files\microsoft sql server\130\dts\binn\;c:\program files (x86)\microsoft sql server\client sdk\odbc\130\tools\binn\;c:\program files (x86)\microsoft sql server\130\dts\binn\;c:\program files (x86)\microsoft sql server\130\tools\binn\managementstudio\;c:\program files\git\cmd;c:\program files (x86)\microsoft sql server\110\dts\binn\;c:\program files (x86)\microsoft sql server\120\dts\binn\;c:\program files\microsoft\web platform installer\;c:\program files\dotnet\;c:\programdata\chocolatey\bin;c:\program files\nodejs\;c:\users\andrew\appdata\local\android\sdk\platform-tools;c:\program files (x86)\microsoft emulator manager\1.0\;%systemroot%\system32;%systemroot%;%systemroot%\system32\wbem;%systemroot%\system32\windowspowershell\v1.0\;C:\Program Files (x86)\NVIDIA Corporation\PhysX\Common;C:\Users\Andrew\AppData\Local\Microsoft\WindowsApps;C:\Users\Andrew\AppData\Roaming\npm;C:\Users\Andrew\AppData\Local\atom\bin;C:\Program Files (x86)\Microsoft VS Code\bin;C:\Users\Andrew\AppData\Local\Android\sdk\platform-tools;;C:\Users\Andrew\AppData\Local\Programs\Fiddler;%USERPROFILE%\AppData\Local\Microsoft\WindowsApps
USERNAME=Andrew
OS=Windows_NT
PROCESSOR_IDENTIFIER=Intel64 Family 6 Model 94 Stepping 3, GenuineIntel



---------------  S Y S T E M  ---------------

OS: Windows 10.0 , 64 bit Build 16299 (10.0.16299.15)

CPU:total 8 (4 cores per cpu, 2 threads per core) family 6 model 94 stepping 3, cmov, cx8, fxsr, mmx, sse, sse2, sse3, ssse3, sse4.1, sse4.2, popcnt, avx, avx2, aes, clmul, erms, rtm, 3dnowpref, lzcnt, ht, tsc, tscinvbit, bmi1, bmi2, adx

Memory: 4k page, physical 8209456k(482528k free), swap 12403760k(152k free)

vm_info: Java HotSpot(TM) 64-Bit Server VM (25.121-b13) for windows-amd64 JRE (1.8.0_121-b13), built on Dec 12 2016 18:21:36 by "java_re" with MS VC++ 10.0 (VS2010)

time: Wed Dec 20 13:31:55 2017
elapsed time: 1 seconds (0d 0h 0m 1s)

