#
# There is insufficient memory for the Java Runtime Environment to continue.
# Native memory allocation (malloc) failed to allocate 965136 bytes for Chunk::new
# Possible reasons:
#   The system is out of physical RAM or swap space
#   In 32 bit mode, the process size limit was hit
# Possible solutions:
#   Reduce memory load on the system
#   Increase physical memory or swap space
#   Check if swap backing store is full
#   Use 64 bit Java on a 64 bit OS
#   Decrease Java heap size (-Xmx/-Xms)
#   Decrease number of Java threads
#   Decrease Java thread stack sizes (-Xss)
#   Set larger code cache with -XX:ReservedCodeCacheSize=
# This output file may be truncated or incomplete.
#
#  Out of Memory Error (allocation.cpp:390), pid=4104, tid=0x0000000000002ccc
#
# JRE version: Java(TM) SE Runtime Environment (8.0_121-b13) (build 1.8.0_121-b13)
# Java VM: Java HotSpot(TM) 64-Bit Server VM (25.121-b13 mixed mode windows-amd64 compressed oops)
# Failed to write core dump. Minidumps are not enabled by default on client versions of Windows
#

---------------  T H R E A D  ---------------

Current thread (0x0000000019640000):  JavaThread "C2 CompilerThread2" daemon [_thread_in_native, id=11468, stack(0x000000001a000000,0x000000001a100000)]

Stack: [0x000000001a000000,0x000000001a100000]
[error occurred during error reporting (printing stack bounds), id 0xc0000005]

Native frames: (J=compiled Java code, j=interpreted, Vv=VM code, C=native code)


Current CompileTask:
C2:   4036 1607       4       com.android.dx.rop.code.Rops::ropFor (771 bytes)


---------------  P R O C E S S  ---------------

Java Threads: ( => current thread )
  0x0000000019919800 JavaThread "pool-1-thread-4" [_thread_blocked, id=11524, stack(0x000000001a800000,0x000000001a900000)]
  0x0000000019917000 JavaThread "pool-1-thread-3" [_thread_blocked, id=6240, stack(0x000000001a700000,0x000000001a800000)]
  0x0000000019912000 JavaThread "pool-1-thread-2" [_thread_blocked, id=14120, stack(0x000000001a600000,0x000000001a700000)]
  0x0000000019902800 JavaThread "pool-2-thread-1" [_thread_blocked, id=14216, stack(0x000000001a500000,0x000000001a600000)]
  0x0000000019902000 JavaThread "pool-1-thread-1" [_thread_blocked, id=11548, stack(0x000000001a400000,0x000000001a500000)]
  0x00000000196af000 JavaThread "Service Thread" daemon [_thread_blocked, id=15080, stack(0x000000001a200000,0x000000001a300000)]
  0x0000000019646000 JavaThread "C1 CompilerThread3" daemon [_thread_blocked, id=9260, stack(0x000000001a100000,0x000000001a200000)]
=>0x0000000019640000 JavaThread "C2 CompilerThread2" daemon [_thread_in_native, id=11468, stack(0x000000001a000000,0x000000001a100000)]
  0x000000001963e000 JavaThread "C2 CompilerThread1" daemon [_thread_blocked, id=3340, stack(0x0000000019f00000,0x000000001a000000)]
  0x000000001963b000 JavaThread "C2 CompilerThread0" daemon [_thread_in_native, id=14740, stack(0x0000000019e00000,0x0000000019f00000)]
  0x0000000019638000 JavaThread "Attach Listener" daemon [_thread_blocked, id=14020, stack(0x0000000019d00000,0x0000000019e00000)]
  0x0000000019637000 JavaThread "Signal Dispatcher" daemon [_thread_blocked, id=2320, stack(0x0000000019c00000,0x0000000019d00000)]
  0x0000000004b5e000 JavaThread "Finalizer" daemon [_thread_blocked, id=14788, stack(0x0000000019a10000,0x0000000019b10000)]
  0x0000000004b55000 JavaThread "Reference Handler" daemon [_thread_blocked, id=4092, stack(0x0000000019510000,0x0000000019610000)]
  0x0000000004c1e800 JavaThread "main" [_thread_blocked, id=13760, stack(0x0000000004940000,0x0000000004a40000)]

Other Threads:
  0x0000000017739800 VMThread [stack: 0x0000000019410000,0x0000000019510000] [id=15212]
  0x00000000196c7800 WatcherThread [stack: 0x000000001a300000,0x000000001a400000] [id=2476]

VM state:not at safepoint (normal execution)

VM Mutex/Monitor currently owned by a thread: None

Heap:
 PSYoungGen      total 37888K, used 34669K [0x00000000eab00000, 0x00000000ef500000, 0x0000000100000000)
  eden space 32768K, 90% used [0x00000000eab00000,0x00000000ec7dcbe8,0x00000000ecb00000)
  from space 5120K, 99% used [0x00000000ecb00000,0x00000000ecffeaa8,0x00000000ed000000)
  to   space 5120K, 0% used [0x00000000ef000000,0x00000000ef000000,0x00000000ef500000)
 ParOldGen       total 86016K, used 1661K [0x00000000c0000000, 0x00000000c5400000, 0x00000000eab00000)
  object space 86016K, 1% used [0x00000000c0000000,0x00000000c019f540,0x00000000c5400000)
 Metaspace       used 6314K, capacity 7128K, committed 7424K, reserved 1056768K
  class space    used 622K, capacity 656K, committed 768K, reserved 1048576K

Card table byte_map: [0x0000000013fe0000,0x00000000141f0000] byte_map_base: 0x00000000139e0000

Marking Bits: (ParMarkBitMap*) 0x000000006fdcb6d0
 Begin Bits: [0x0000000014b50000, 0x0000000015b50000)
 End Bits:   [0x0000000015b50000, 0x0000000016b50000)

Polling page: 0x0000000002c20000

CodeCache: size=245760Kb used=6937Kb max_used=6944Kb free=238822Kb
 bounds [0x0000000004c20000, 0x00000000052f0000, 0x0000000013c20000]
 total_blobs=1888 nmethods=1619 adapters=182
 compilation: enabled

Compilation events (10 events):
Event: 3.890 Thread 0x000000001963b000 nmethod 1622 0x00000000052eedd0 code [0x00000000052eef40, 0x00000000052ef2f8]
Event: 3.907 Thread 0x0000000019646000 1624       3       com.android.dx.rop.annotation.Annotations::<init> (16 bytes)
Event: 3.908 Thread 0x0000000019646000 nmethod 1624 0x00000000052d4b50 code [0x00000000052d4ce0, 0x00000000052d5090]
Event: 3.911 Thread 0x000000001963e000 1625       4       java.util.BitSet::set (124 bytes)
Event: 3.914 Thread 0x000000001963e000 nmethod 1625 0x00000000052ef610 code [0x00000000052ef760, 0x00000000052ef988]
Event: 3.926 Thread 0x0000000019646000 1626       3       java.util.concurrent.locks.LockSupport::park (23 bytes)
Event: 3.926 Thread 0x0000000019646000 nmethod 1626 0x00000000052cf6d0 code [0x00000000052cf840, 0x00000000052cfb88]
Event: 4.019 Thread 0x000000001963b000 1629       4       com.android.dx.ssa.DeadCodeRemover::isCircularNoSideEffect (140 bytes)
Event: 4.023 Thread 0x0000000019646000 1630       3       java.util.concurrent.locks.LockSupport::unpark (12 bytes)
Event: 4.023 Thread 0x0000000019646000 nmethod 1630 0x00000000052d9390 code [0x00000000052d9500, 0x00000000052d9728]

GC Heap History (2 events):
Event: 1.321 GC heap before
{Heap before GC invocations=1 (full 0):
 PSYoungGen      total 37888K, used 32768K [0x00000000eab00000, 0x00000000ed500000, 0x0000000100000000)
  eden space 32768K, 100% used [0x00000000eab00000,0x00000000ecb00000,0x00000000ecb00000)
  from space 5120K, 0% used [0x00000000ed000000,0x00000000ed000000,0x00000000ed500000)
  to   space 5120K, 0% used [0x00000000ecb00000,0x00000000ecb00000,0x00000000ed000000)
 ParOldGen       total 86016K, used 0K [0x00000000c0000000, 0x00000000c5400000, 0x00000000eab00000)
  object space 86016K, 0% used [0x00000000c0000000,0x00000000c0000000,0x00000000c5400000)
 Metaspace       used 6073K, capacity 6936K, committed 7168K, reserved 1056768K
  class space    used 621K, capacity 656K, committed 768K, reserved 1048576K
Event: 1.759 GC heap after
Heap after GC invocations=1 (full 0):
 PSYoungGen      total 37888K, used 5114K [0x00000000eab00000, 0x00000000ef500000, 0x0000000100000000)
  eden space 32768K, 0% used [0x00000000eab00000,0x00000000eab00000,0x00000000ecb00000)
  from space 5120K, 99% used [0x00000000ecb00000,0x00000000ecffeaa8,0x00000000ed000000)
  to   space 5120K, 0% used [0x00000000ef000000,0x00000000ef000000,0x00000000ef500000)
 ParOldGen       total 86016K, used 1661K [0x00000000c0000000, 0x00000000c5400000, 0x00000000eab00000)
  object space 86016K, 1% used [0x00000000c0000000,0x00000000c019f540,0x00000000c5400000)
 Metaspace       used 6073K, capacity 6936K, committed 7168K, reserved 1056768K
  class space    used 621K, capacity 656K, committed 768K, reserved 1048576K
}

Deoptimization events (10 events):
Event: 0.874 Thread 0x0000000004c1e800 Uncommon trap: reason=class_check action=maybe_recompile pc=0x0000000004e65a70 method=com.android.dx.ssa.NormalSsaInsn.accept(Lcom/android/dx/ssa/SsaInsn$Visitor;)V @ 9
Event: 1.194 Thread 0x0000000019912000 Uncommon trap: reason=null_check action=make_not_entrant pc=0x0000000004ede968 method=com.android.dx.rop.type.Type.equals(Ljava/lang/Object;)Z @ 8
Event: 2.339 Thread 0x0000000019912000 Uncommon trap: reason=unstable_if action=reinterpret pc=0x0000000004f74044 method=com.android.dx.rop.code.RegisterSpecSet.<init>(I)V @ 2
Event: 2.596 Thread 0x0000000019919800 Uncommon trap: reason=class_check action=maybe_recompile pc=0x00000000050aff40 method=com.android.dx.ssa.SsaMethod.isRegALocal(Lcom/android/dx/rop/code/RegisterSpec;)Z @ 16
Event: 2.596 Thread 0x0000000019919800 Uncommon trap: reason=class_check action=maybe_recompile pc=0x00000000050aff40 method=com.android.dx.ssa.SsaMethod.isRegALocal(Lcom/android/dx/rop/code/RegisterSpec;)Z @ 16
Event: 2.596 Thread 0x0000000019919800 Uncommon trap: reason=class_check action=maybe_recompile pc=0x00000000050aff40 method=com.android.dx.ssa.SsaMethod.isRegALocal(Lcom/android/dx/rop/code/RegisterSpec;)Z @ 16
Event: 2.596 Thread 0x0000000019919800 Uncommon trap: reason=class_check action=maybe_recompile pc=0x00000000050aff40 method=com.android.dx.ssa.SsaMethod.isRegALocal(Lcom/android/dx/rop/code/RegisterSpec;)Z @ 16
Event: 2.614 Thread 0x0000000019919800 Uncommon trap: reason=bimorphic action=maybe_recompile pc=0x00000000051ab19c method=com.android.dx.ssa.SCCP.simulatePhi(Lcom/android/dx/ssa/PhiInsn;)V @ 124
Event: 2.614 Thread 0x0000000019919800 Uncommon trap: reason=bimorphic action=maybe_recompile pc=0x00000000051ab19c method=com.android.dx.ssa.SCCP.simulatePhi(Lcom/android/dx/ssa/PhiInsn;)V @ 124
Event: 2.634 Thread 0x0000000019902000 Uncommon trap: reason=unstable_if action=reinterpret pc=0x00000000051c981c method=com.android.dx.ssa.SsaRenamer$BlockRenamer.visitMoveInsn(Lcom/android/dx/ssa/NormalSsaInsn;)V @ 104

Internal exceptions (3 events):
Event: 0.047 Thread 0x0000000004c1e800 Exception <a 'java/lang/NoSuchMethodError': Method sun.misc.Unsafe.defineClass(Ljava/lang/String;[BII)Ljava/lang/Class; name or signature does not match> (0x00000000eab07ca8) thrown at [C:\re\workspace\8-2-build-windows-amd64-cygwin\jdk8u121\8372\hotspot\
Event: 0.047 Thread 0x0000000004c1e800 Exception <a 'java/lang/NoSuchMethodError': Method sun.misc.Unsafe.prefetchRead(Ljava/lang/Object;J)V name or signature does not match> (0x00000000eab07f90) thrown at [C:\re\workspace\8-2-build-windows-amd64-cygwin\jdk8u121\8372\hotspot\src\share\vm\prims
Event: 1.194 Thread 0x0000000019912000 Implicit null exception at 0x0000000004ede862 to 0x0000000004ede95a

Events (10 events):
Event: 2.596 Thread 0x0000000019919800 DEOPT UNPACKING pc=0x0000000004c6582a sp=0x000000001a8fe8b8 mode 2
Event: 2.614 Thread 0x0000000019919800 Uncommon trap: trap_request=0xffffffc6 fr.pc=0x00000000051ab19c
Event: 2.614 Thread 0x0000000019919800 DEOPT PACKING pc=0x00000000051ab19c sp=0x000000001a8fea00
Event: 2.614 Thread 0x0000000019919800 DEOPT UNPACKING pc=0x0000000004c6582a sp=0x000000001a8fe988 mode 2
Event: 2.614 Thread 0x0000000019919800 Uncommon trap: trap_request=0xffffffc6 fr.pc=0x00000000051ab19c
Event: 2.614 Thread 0x0000000019919800 DEOPT PACKING pc=0x00000000051ab19c sp=0x000000001a8fea00
Event: 2.614 Thread 0x0000000019919800 DEOPT UNPACKING pc=0x0000000004c6582a sp=0x000000001a8fe988 mode 2
Event: 2.634 Thread 0x0000000019902000 Uncommon trap: trap_request=0xffffff65 fr.pc=0x00000000051c981c
Event: 2.634 Thread 0x0000000019902000 DEOPT PACKING pc=0x00000000051c981c sp=0x000000001a4fe590
Event: 2.634 Thread 0x0000000019902000 DEOPT UNPACKING pc=0x0000000004c6582a sp=0x000000001a4fe420 mode 2


Dynamic libraries:
0x00007ff7ceb30000 - 0x00007ff7ceb67000 	C:\Program Files\Java\jdk1.8.0_121\bin\java.exe
0x00007ffd5f5f0000 - 0x00007ffd5f7d0000 	C:\WINDOWS\SYSTEM32\ntdll.dll
0x00007ffd5e2d0000 - 0x00007ffd5e37e000 	C:\WINDOWS\System32\KERNEL32.DLL
0x00007ffd5b9f0000 - 0x00007ffd5bc56000 	C:\WINDOWS\System32\KERNELBASE.dll
0x00007ffd5f1a0000 - 0x00007ffd5f241000 	C:\WINDOWS\System32\ADVAPI32.dll
0x00007ffd5cb20000 - 0x00007ffd5cbbd000 	C:\WINDOWS\System32\msvcrt.dll
0x00007ffd5cbe0000 - 0x00007ffd5cc3b000 	C:\WINDOWS\System32\sechost.dll
0x00007ffd5f330000 - 0x00007ffd5f44f000 	C:\WINDOWS\System32\RPCRT4.dll
0x00007ffd5e130000 - 0x00007ffd5e2bf000 	C:\WINDOWS\System32\USER32.dll
0x00007ffd5c9f0000 - 0x00007ffd5ca10000 	C:\WINDOWS\System32\win32u.dll
0x00007ffd5f250000 - 0x00007ffd5f278000 	C:\WINDOWS\System32\GDI32.dll
0x00007ffd5bd30000 - 0x00007ffd5bec3000 	C:\WINDOWS\System32\gdi32full.dll
0x00007ffd5bed0000 - 0x00007ffd5bf6b000 	C:\WINDOWS\System32\msvcp_win.dll
0x00007ffd5bfd0000 - 0x00007ffd5c0c6000 	C:\WINDOWS\System32\ucrtbase.dll
0x00007ffd4c060000 - 0x00007ffd4c2c9000 	C:\WINDOWS\WinSxS\amd64_microsoft.windows.common-controls_6595b64144ccf1df_6.0.16299.125_none_15cbcf8893620c09\COMCTL32.dll
0x00007ffd5ee30000 - 0x00007ffd5f138000 	C:\WINDOWS\System32\combase.dll
0x00007ffd5bcb0000 - 0x00007ffd5bd22000 	C:\WINDOWS\System32\bcryptPrimitives.dll
0x00007ffd5f300000 - 0x00007ffd5f32d000 	C:\WINDOWS\System32\IMM32.DLL
0x00000000704c0000 - 0x0000000070592000 	C:\Program Files\Java\jdk1.8.0_121\jre\bin\msvcr100.dll
0x000000006f5b0000 - 0x000000006fe4b000 	C:\Program Files\Java\jdk1.8.0_121\jre\bin\server\jvm.dll
0x00007ffd5ed10000 - 0x00007ffd5ed18000 	C:\WINDOWS\System32\PSAPI.DLL
0x00007ffd59f10000 - 0x00007ffd59f19000 	C:\WINDOWS\SYSTEM32\WSOCK32.dll
0x00007ffd5edc0000 - 0x00007ffd5ee2c000 	C:\WINDOWS\System32\WS2_32.dll
0x00007ffd58210000 - 0x00007ffd58233000 	C:\WINDOWS\SYSTEM32\WINMM.dll
0x00007ffd52600000 - 0x00007ffd5260a000 	C:\WINDOWS\SYSTEM32\VERSION.dll
0x00007ffd58190000 - 0x00007ffd581ba000 	C:\WINDOWS\SYSTEM32\WINMMBASE.dll
0x00007ffd5bc60000 - 0x00007ffd5bcaa000 	C:\WINDOWS\System32\cfgmgr32.dll
0x00000000704b0000 - 0x00000000704bf000 	C:\Program Files\Java\jdk1.8.0_121\jre\bin\verify.dll
0x0000000070480000 - 0x00000000704a9000 	C:\Program Files\Java\jdk1.8.0_121\jre\bin\java.dll
0x0000000070460000 - 0x0000000070476000 	C:\Program Files\Java\jdk1.8.0_121\jre\bin\zip.dll
0x00007ffd5ccf0000 - 0x00007ffd5e126000 	C:\WINDOWS\System32\SHELL32.dll
0x00007ffd5cc40000 - 0x00007ffd5cce6000 	C:\WINDOWS\System32\shcore.dll
0x00007ffd5c0d0000 - 0x00007ffd5c817000 	C:\WINDOWS\System32\windows.storage.dll
0x00007ffd5f140000 - 0x00007ffd5f191000 	C:\WINDOWS\System32\shlwapi.dll
0x00007ffd5b990000 - 0x00007ffd5b9a1000 	C:\WINDOWS\System32\kernel.appcore.dll
0x00007ffd5b940000 - 0x00007ffd5b98c000 	C:\WINDOWS\System32\powrprof.dll
0x00007ffd5b9b0000 - 0x00007ffd5b9cb000 	C:\WINDOWS\System32\profapi.dll

VM Arguments:
jvm_args: -Djava.awt.headless=true -Xmx1024M -Dfile.encoding=windows-1252 -Duser.country=NZ -Duser.language=en -Duser.variant 
java_command: com.android.dx.command.Main --dex --num-threads=4 --output C:\Dev\Apps\Logbook\android\app\build\intermediates\pre-dexed\debug\internal_impl-23.0.1_eec0df9d51217d42e4e7f2e526d850680ff7a1a8.jar C:\Dev\Apps\Logbook\android\app\build\intermediates\exploded-aar\com.android.support\support-v4\23.0.1\jars\libs\internal_impl-23.0.1.jar
java_class_path (initial): C:\Users\Andrew\AppData\Local\Android\sdk\build-tools\23.0.1\lib\dx.jar
Launcher Type: SUN_STANDARD

Environment Variables:
JAVA_HOME=C:\Program Files\Java\jdk1.8.0_121
CLASSPATH=c:\Dev\Apps\Logbook\android\\gradle\wrapper\gradle-wrapper.jar
PATH=c:\programdata\oracle\java\javapath;c:\python27\;c:\python27\scripts;c:\windows\system32;c:\windows;c:\windows\system32\wbem;c:\windows\system32\windowspowershell\v1.0\;c:\users\andrew\.dnx\bin;c:\program files\microsoft dnx\dnvm\;c:\program files\microsoft sql server\130\tools\binn\;c:\program files\microsoft sql server\client sdk\odbc\130\tools\binn\;c:\program files (x86)\microsoft sql server\130\tools\binn\;c:\program files\microsoft sql server\130\dts\binn\;c:\program files (x86)\microsoft sql server\client sdk\odbc\130\tools\binn\;c:\program files (x86)\microsoft sql server\130\dts\binn\;c:\program files (x86)\microsoft sql server\130\tools\binn\managementstudio\;c:\program files\git\cmd;c:\program files (x86)\microsoft sql server\110\dts\binn\;c:\program files (x86)\microsoft sql server\120\dts\binn\;c:\program files\microsoft\web platform installer\;c:\program files\dotnet\;c:\programdata\chocolatey\bin;c:\program files\nodejs\;c:\users\andrew\appdata\local\android\sdk\platform-tools;c:\program files (x86)\microsoft emulator manager\1.0\;%systemroot%\system32;%systemroot%;%systemroot%\system32\wbem;%systemroot%\system32\windowspowershell\v1.0\;C:\Program Files (x86)\NVIDIA Corporation\PhysX\Common;C:\Users\Andrew\AppData\Local\Microsoft\WindowsApps;C:\Users\Andrew\AppData\Roaming\npm;C:\Users\Andrew\AppData\Local\atom\bin;C:\Program Files (x86)\Microsoft VS Code\bin;C:\Users\Andrew\AppData\Local\Android\sdk\platform-tools;;C:\Users\Andrew\AppData\Local\Programs\Fiddler;%USERPROFILE%\AppData\Local\Microsoft\WindowsApps
USERNAME=Andrew
OS=Windows_NT
PROCESSOR_IDENTIFIER=Intel64 Family 6 Model 94 Stepping 3, GenuineIntel



---------------  S Y S T E M  ---------------

OS: Windows 10.0 , 64 bit Build 16299 (10.0.16299.15)

CPU:total 8 (4 cores per cpu, 2 threads per core) family 6 model 94 stepping 3, cmov, cx8, fxsr, mmx, sse, sse2, sse3, ssse3, sse4.1, sse4.2, popcnt, avx, avx2, aes, clmul, erms, rtm, 3dnowpref, lzcnt, ht, tsc, tscinvbit, bmi1, bmi2, adx

Memory: 4k page, physical 8209456k(494736k free), swap 12403760k(5192k free)

vm_info: Java HotSpot(TM) 64-Bit Server VM (25.121-b13) for windows-amd64 JRE (1.8.0_121-b13), built on Dec 12 2016 18:21:36 by "java_re" with MS VC++ 10.0 (VS2010)

time: Wed Dec 20 14:53:48 2017
elapsed time: 4 seconds (0d 0h 0m 4s)

