#
# There is insufficient memory for the Java Runtime Environment to continue.
# Native memory allocation (malloc) failed to allocate 32744 bytes for ChunkPool::allocate
# Possible reasons:
#   The system is out of physical RAM or swap space
#   In 32 bit mode, the process size limit was hit
# Possible solutions:
#   Reduce memory load on the system
#   Increase physical memory or swap space
#   Check if swap backing store is full
#   Use 64 bit Java on a 64 bit OS
#   Decrease Java heap size (-Xmx/-Xms)
#   Decrease number of Java threads
#   Decrease Java thread stack sizes (-Xss)
#   Set larger code cache with -XX:ReservedCodeCacheSize=
# This output file may be truncated or incomplete.
#
#  Out of Memory Error (allocation.cpp:273), pid=2196, tid=0x000000000000305c
#
# JRE version: Java(TM) SE Runtime Environment (8.0_121-b13) (build 1.8.0_121-b13)
# Java VM: Java HotSpot(TM) 64-Bit Server VM (25.121-b13 mixed mode windows-amd64 compressed oops)
# Failed to write core dump. Minidumps are not enabled by default on client versions of Windows
#

---------------  T H R E A D  ---------------

Current thread (0x000000001930b000):  JavaThread "C2 CompilerThread0" daemon [_thread_in_native, id=12380, stack(0x00000000199e0000,0x0000000019ae0000)]

Stack: [0x00000000199e0000,0x0000000019ae0000]
[error occurred during error reporting (printing stack bounds), id 0xc0000005]

Native frames: (J=compiled Java code, j=interpreted, Vv=VM code, C=native code)


Current CompileTask:
C2:  10333 2336       4       com.android.dx.ssa.back.InterferenceGraph::add (46 bytes)


---------------  P R O C E S S  ---------------

Java Threads: ( => current thread )
  0x00000000195df800 JavaThread "pool-1-thread-4" [_thread_blocked, id=13600, stack(0x000000001a3e0000,0x000000001a4e0000)]
  0x00000000195df000 JavaThread "pool-1-thread-3" [_thread_blocked, id=9092, stack(0x000000001a2e0000,0x000000001a3e0000)]
  0x00000000195d8000 JavaThread "pool-1-thread-2" [_thread_in_Java, id=15044, stack(0x000000001a1e0000,0x000000001a2e0000)]
  0x00000000195d3800 JavaThread "pool-2-thread-1" [_thread_blocked, id=4820, stack(0x000000001a0e0000,0x000000001a1e0000)]
  0x00000000195ca800 JavaThread "pool-1-thread-1" [_thread_in_Java, id=14260, stack(0x0000000019fe0000,0x000000001a0e0000)]
  0x00000000193b1800 JavaThread "Service Thread" daemon [_thread_blocked, id=12236, stack(0x0000000019de0000,0x0000000019ee0000)]
  0x0000000019362800 JavaThread "C1 CompilerThread3" daemon [_thread_blocked, id=14236, stack(0x0000000019ce0000,0x0000000019de0000)]
  0x000000001935f000 JavaThread "C2 CompilerThread2" daemon [_thread_in_native, id=11296, stack(0x0000000019be0000,0x0000000019ce0000)]
  0x000000001930e000 JavaThread "C2 CompilerThread1" daemon [_thread_in_native, id=7736, stack(0x0000000019ae0000,0x0000000019be0000)]
=>0x000000001930b000 JavaThread "C2 CompilerThread0" daemon [_thread_in_native, id=12380, stack(0x00000000199e0000,0x0000000019ae0000)]
  0x0000000019308000 JavaThread "Attach Listener" daemon [_thread_blocked, id=13572, stack(0x00000000198e0000,0x00000000199e0000)]
  0x0000000019307000 JavaThread "Signal Dispatcher" daemon [_thread_blocked, id=7136, stack(0x00000000197e0000,0x00000000198e0000)]
  0x0000000019300800 JavaThread "Finalizer" daemon [_thread_blocked, id=2896, stack(0x00000000196e0000,0x00000000197e0000)]
  0x00000000048d5000 JavaThread "Reference Handler" daemon [_thread_blocked, id=8988, stack(0x00000000191e0000,0x00000000192e0000)]
  0x00000000045de800 JavaThread "main" [_thread_blocked, id=10252, stack(0x00000000046e0000,0x00000000047e0000)]

Other Threads:
  0x00000000173f9800 VMThread [stack: 0x00000000190e0000,0x00000000191e0000] [id=2272]
  0x00000000193b7800 WatcherThread [stack: 0x0000000019ee0000,0x0000000019fe0000] [id=14176]

VM state:not at safepoint (normal execution)

VM Mutex/Monitor currently owned by a thread: None

Heap:
 PSYoungGen      total 114176K, used 17211K [0x00000000eab00000, 0x00000000fe000000, 0x0000000100000000)
  eden space 109056K, 11% used [0x00000000eab00000,0x00000000eb6d0b68,0x00000000f1580000)
  from space 5120K, 99% used [0x00000000f3000000,0x00000000f34fe2d0,0x00000000f3500000)
  to   space 27136K, 0% used [0x00000000f1580000,0x00000000f1580000,0x00000000f3000000)
 ParOldGen       total 86016K, used 46906K [0x00000000c0000000, 0x00000000c5400000, 0x00000000eab00000)
  object space 86016K, 54% used [0x00000000c0000000,0x00000000c2dce810,0x00000000c5400000)
 Metaspace       used 6586K, capacity 7256K, committed 7424K, reserved 1056768K
  class space    used 642K, capacity 656K, committed 768K, reserved 1048576K

Card table byte_map: [0x0000000013ca0000,0x0000000013eb0000] byte_map_base: 0x00000000136a0000

Marking Bits: (ParMarkBitMap*) 0x000000006fdcb6d0
 Begin Bits: [0x0000000014810000, 0x0000000015810000)
 End Bits:   [0x0000000015810000, 0x0000000016810000)

Polling page: 0x00000000028e0000

CodeCache: size=245760Kb used=11536Kb max_used=11549Kb free=234223Kb
 bounds [0x00000000048e0000, 0x0000000005440000, 0x00000000138e0000]
 total_blobs=2482 nmethods=2212 adapters=182
 compilation: enabled

Compilation events (10 events):
Event: 10.306 Thread 0x0000000019362800 nmethod 2332 0x00000000053fcb90 code [0x00000000053fcdc0, 0x00000000053fd9d8]
Event: 10.310 Thread 0x000000001930b000 2333       4       com.android.dx.cf.iface.StdMember::<init> (69 bytes)
Event: 10.311 Thread 0x000000001930b000 nmethod 2333 0x00000000053fc850 code [0x00000000053fc980, 0x00000000053fca78]
Event: 10.312 Thread 0x000000001930e000 2334       4       com.android.dx.cf.attrib.BaseLocalVariables::byteLength (14 bytes)
Event: 10.313 Thread 0x000000001930e000 nmethod 2334 0x0000000005418590 code [0x00000000054186c0, 0x0000000005418758]
Event: 10.316 Thread 0x000000001935f000 2335       4       com.android.dx.rop.code.SourcePosition::<init> (50 bytes)
Event: 10.316 Thread 0x000000001935f000 nmethod 2335 0x0000000005418810 code [0x0000000005418940, 0x00000000054189f8]
Event: 10.326 Thread 0x000000001930b000 2336       4       com.android.dx.ssa.back.InterferenceGraph::add (46 bytes)
Event: 10.327 Thread 0x000000001930e000 2337       4       com.android.dx.rop.type.Prototype::compareTo (120 bytes)
Event: 10.327 Thread 0x000000001935f000 2338       4       com.android.dx.cf.code.BasicBlocker::visitNoArgs (298 bytes)

GC Heap History (10 events):
Event: 1.994 GC heap before
{Heap before GC invocations=2 (full 0):
 PSYoungGen      total 37888K, used 37860K [0x00000000eab00000, 0x00000000ef500000, 0x0000000100000000)
  eden space 32768K, 100% used [0x00000000eab00000,0x00000000ecb00000,0x00000000ecb00000)
  from space 5120K, 99% used [0x00000000ecb00000,0x00000000ecff9088,0x00000000ed000000)
  to   space 5120K, 0% used [0x00000000ef000000,0x00000000ef000000,0x00000000ef500000)
 ParOldGen       total 86016K, used 2237K [0x00000000c0000000, 0x00000000c5400000, 0x00000000eab00000)
  object space 86016K, 2% used [0x00000000c0000000,0x00000000c022f7e0,0x00000000c5400000)
 Metaspace       used 6361K, capacity 7128K, committed 7424K, reserved 1056768K
  class space    used 640K, capacity 656K, committed 768K, reserved 1048576K
Event: 2.453 GC heap after
Heap after GC invocations=2 (full 0):
 PSYoungGen      total 70656K, used 5089K [0x00000000eab00000, 0x00000000ef500000, 0x0000000100000000)
  eden space 65536K, 0% used [0x00000000eab00000,0x00000000eab00000,0x00000000eeb00000)
  from space 5120K, 99% used [0x00000000ef000000,0x00000000ef4f8548,0x00000000ef500000)
  to   space 5120K, 0% used [0x00000000eeb00000,0x00000000eeb00000,0x00000000ef000000)
 ParOldGen       total 86016K, used 6684K [0x00000000c0000000, 0x00000000c5400000, 0x00000000eab00000)
  object space 86016K, 7% used [0x00000000c0000000,0x00000000c06872f0,0x00000000c5400000)
 Metaspace       used 6361K, capacity 7128K, committed 7424K, reserved 1056768K
  class space    used 640K, capacity 656K, committed 768K, reserved 1048576K
}
Event: 3.693 GC heap before
{Heap before GC invocations=3 (full 0):
 PSYoungGen      total 70656K, used 70625K [0x00000000eab00000, 0x00000000ef500000, 0x0000000100000000)
  eden space 65536K, 100% used [0x00000000eab00000,0x00000000eeb00000,0x00000000eeb00000)
  from space 5120K, 99% used [0x00000000ef000000,0x00000000ef4f8548,0x00000000ef500000)
  to   space 5120K, 0% used [0x00000000eeb00000,0x00000000eeb00000,0x00000000ef000000)
 ParOldGen       total 86016K, used 6684K [0x00000000c0000000, 0x00000000c5400000, 0x00000000eab00000)
  object space 86016K, 7% used [0x00000000c0000000,0x00000000c06872f0,0x00000000c5400000)
 Metaspace       used 6452K, capacity 7192K, committed 7424K, reserved 1056768K
  class space    used 642K, capacity 656K, committed 768K, reserved 1048576K
Event: 3.881 GC heap after
Heap after GC invocations=3 (full 0):
 PSYoungGen      total 70656K, used 5112K [0x00000000eab00000, 0x00000000f3500000, 0x0000000100000000)
  eden space 65536K, 0% used [0x00000000eab00000,0x00000000eab00000,0x00000000eeb00000)
  from space 5120K, 99% used [0x00000000eeb00000,0x00000000eeffe130,0x00000000ef000000)
  to   space 5120K, 0% used [0x00000000f3000000,0x00000000f3000000,0x00000000f3500000)
 ParOldGen       total 86016K, used 15769K [0x00000000c0000000, 0x00000000c5400000, 0x00000000eab00000)
  object space 86016K, 18% used [0x00000000c0000000,0x00000000c0f66588,0x00000000c5400000)
 Metaspace       used 6452K, capacity 7192K, committed 7424K, reserved 1056768K
  class space    used 642K, capacity 656K, committed 768K, reserved 1048576K
}
Event: 5.860 GC heap before
{Heap before GC invocations=4 (full 0):
 PSYoungGen      total 70656K, used 70648K [0x00000000eab00000, 0x00000000f3500000, 0x0000000100000000)
  eden space 65536K, 100% used [0x00000000eab00000,0x00000000eeb00000,0x00000000eeb00000)
  from space 5120K, 99% used [0x00000000eeb00000,0x00000000eeffe130,0x00000000ef000000)
  to   space 5120K, 0% used [0x00000000f3000000,0x00000000f3000000,0x00000000f3500000)
 ParOldGen       total 86016K, used 15769K [0x00000000c0000000, 0x00000000c5400000, 0x00000000eab00000)
  object space 86016K, 18% used [0x00000000c0000000,0x00000000c0f66588,0x00000000c5400000)
 Metaspace       used 6497K, capacity 7192K, committed 7424K, reserved 1056768K
  class space    used 642K, capacity 656K, committed 768K, reserved 1048576K
Event: 5.911 GC heap after
Heap after GC invocations=4 (full 0):
 PSYoungGen      total 136192K, used 5112K [0x00000000eab00000, 0x00000000f3500000, 0x0000000100000000)
  eden space 131072K, 0% used [0x00000000eab00000,0x00000000eab00000,0x00000000f2b00000)
  from space 5120K, 99% used [0x00000000f3000000,0x00000000f34fe110,0x00000000f3500000)
  to   space 5120K, 0% used [0x00000000f2b00000,0x00000000f2b00000,0x00000000f3000000)
 ParOldGen       total 86016K, used 25952K [0x00000000c0000000, 0x00000000c5400000, 0x00000000eab00000)
  object space 86016K, 30% used [0x00000000c0000000,0x00000000c1958378,0x00000000c5400000)
 Metaspace       used 6497K, capacity 7192K, committed 7424K, reserved 1056768K
  class space    used 642K, capacity 656K, committed 768K, reserved 1048576K
}
Event: 9.713 GC heap before
{Heap before GC invocations=5 (full 0):
 PSYoungGen      total 136192K, used 136184K [0x00000000eab00000, 0x00000000f3500000, 0x0000000100000000)
  eden space 131072K, 100% used [0x00000000eab00000,0x00000000f2b00000,0x00000000f2b00000)
  from space 5120K, 99% used [0x00000000f3000000,0x00000000f34fe110,0x00000000f3500000)
  to   space 5120K, 0% used [0x00000000f2b00000,0x00000000f2b00000,0x00000000f3000000)
 ParOldGen       total 86016K, used 25955K [0x00000000c0000000, 0x00000000c5400000, 0x00000000eab00000)
  object space 86016K, 30% used [0x00000000c0000000,0x00000000c1958fe0,0x00000000c5400000)
 Metaspace       used 6586K, capacity 7256K, committed 7424K, reserved 1056768K
  class space    used 642K, capacity 656K, committed 768K, reserved 1048576K
Event: 10.092 GC heap after
Heap after GC invocations=5 (full 0):
 PSYoungGen      total 136192K, used 5112K [0x00000000eab00000, 0x00000000f3500000, 0x0000000100000000)
  eden space 131072K, 0% used [0x00000000eab00000,0x00000000eab00000,0x00000000f2b00000)
  from space 5120K, 99% used [0x00000000f2b00000,0x00000000f2ffe2d0,0x00000000f3000000)
  to   space 5120K, 0% used [0x00000000f3000000,0x00000000f3000000,0x00000000f3500000)
 ParOldGen       total 86016K, used 46818K [0x00000000c0000000, 0x00000000c5400000, 0x00000000eab00000)
  object space 86016K, 54% used [0x00000000c0000000,0x00000000c2db8810,0x00000000c5400000)
 Metaspace       used 6586K, capacity 7256K, committed 7424K, reserved 1056768K
  class space    used 642K, capacity 656K, committed 768K, reserved 1048576K
}
Event: 10.174 GC heap before
{Heap before GC invocations=6 (full 0):
 PSYoungGen      total 136192K, used 6347K [0x00000000eab00000, 0x00000000f3500000, 0x0000000100000000)
  eden space 131072K, 0% used [0x00000000eab00000,0x00000000eac34a60,0x00000000f2b00000)
  from space 5120K, 99% used [0x00000000f2b00000,0x00000000f2ffe2d0,0x00000000f3000000)
  to   space 5120K, 0% used [0x00000000f3000000,0x00000000f3000000,0x00000000f3500000)
 ParOldGen       total 86016K, used 46818K [0x00000000c0000000, 0x00000000c5400000, 0x00000000eab00000)
  object space 86016K, 54% used [0x00000000c0000000,0x00000000c2db8810,0x00000000c5400000)
 Metaspace       used 6586K, capacity 7256K, committed 7424K, reserved 1056768K
  class space    used 642K, capacity 656K, committed 768K, reserved 1048576K
Event: 10.269 GC heap after
Heap after GC invocations=6 (full 0):
 PSYoungGen      total 114176K, used 5112K [0x00000000eab00000, 0x00000000fe000000, 0x0000000100000000)
  eden space 109056K, 0% used [0x00000000eab00000,0x00000000eab00000,0x00000000f1580000)
  from space 5120K, 99% used [0x00000000f3000000,0x00000000f34fe2d0,0x00000000f3500000)
  to   space 27136K, 0% used [0x00000000f1580000,0x00000000f1580000,0x00000000f3000000)
 ParOldGen       total 86016K, used 46906K [0x00000000c0000000, 0x00000000c5400000, 0x00000000eab00000)
  object space 86016K, 54% used [0x00000000c0000000,0x00000000c2dce810,0x00000000c5400000)
 Metaspace       used 6586K, capacity 7256K, committed 7424K, reserved 1056768K
  class space    used 642K, capacity 656K, committed 768K, reserved 1048576K
}

Deoptimization events (10 events):
Event: 3.635 Thread 0x00000000195df000 Uncommon trap: reason=bimorphic action=maybe_recompile pc=0x00000000050028c0 method=com.android.dx.ssa.LiteralOpUpgrader.tryReplacingWithConstant(Lcom/android/dx/ssa/NormalSsaInsn;)Z @ 62
Event: 3.638 Thread 0x00000000195df000 Uncommon trap: reason=bimorphic action=maybe_recompile pc=0x00000000050028c0 method=com.android.dx.ssa.LiteralOpUpgrader.tryReplacingWithConstant(Lcom/android/dx/ssa/NormalSsaInsn;)Z @ 62
Event: 3.663 Thread 0x00000000195d8000 Uncommon trap: reason=unstable_if action=reinterpret pc=0x0000000004c298fc method=com.android.dx.util.IntList.binarysearch(I)I @ 105
Event: 3.663 Thread 0x00000000195d8000 Uncommon trap: reason=unstable_if action=reinterpret pc=0x0000000004f8ab60 method=com.android.dx.ssa.SsaBasicBlock.newFromRop(Lcom/android/dx/rop/code/RopMethod;ILcom/android/dx/ssa/SsaMethod;)Lcom/android/dx/ssa/SsaBasicBlock; @ 164
Event: 3.670 Thread 0x00000000195d8000 Uncommon trap: reason=unstable_if action=reinterpret pc=0x0000000004da67cc method=com.android.dx.ssa.MoveParamCombiner$1.visitNonMoveInsn(Lcom/android/dx/ssa/NormalSsaInsn;)V @ 27
Event: 4.683 Thread 0x00000000195df800 Uncommon trap: reason=unstable_if action=reinterpret pc=0x0000000004f5b0f0 method=com.android.dx.rop.code.RegisterSpecSet.localItemToSpec(Lcom/android/dx/rop/code/LocalItem;)Lcom/android/dx/rop/code/RegisterSpec; @ 35
Event: 4.686 Thread 0x00000000195df800 Uncommon trap: reason=unstable_if action=reinterpret pc=0x0000000004f8f674 method=com.android.dx.rop.code.LocalVariableExtractor.processBlock(I)V @ 195
Event: 5.309 Thread 0x00000000195df800 Uncommon trap: reason=unstable_if action=reinterpret pc=0x0000000004fd2e48 method=com.android.dx.rop.code.LocalItem.compareHandlesNulls(Lcom/android/dx/rop/cst/CstString;Lcom/android/dx/rop/cst/CstString;)I @ 14
Event: 8.686 Thread 0x00000000195ca800 Uncommon trap: reason=bimorphic action=maybe_recompile pc=0x00000000050ab524 method=com.android.dx.cf.code.BytecodeArray.parseInstruction(ILcom/android/dx/cf/code/BytecodeArray$Visitor;)I @ 955
Event: 8.686 Thread 0x00000000195ca800 Uncommon trap: reason=bimorphic action=maybe_recompile pc=0x00000000050ab524 method=com.android.dx.cf.code.BytecodeArray.parseInstruction(ILcom/android/dx/cf/code/BytecodeArray$Visitor;)I @ 955

Internal exceptions (7 events):
Event: 0.067 Thread 0x00000000045de800 Exception <a 'java/lang/NoSuchMethodError': Method sun.misc.Unsafe.defineClass(Ljava/lang/String;[BII)Ljava/lang/Class; name or signature does not match> (0x00000000eab07ca8) thrown at [C:\re\workspace\8-2-build-windows-amd64-cygwin\jdk8u121\8372\hotspot\
Event: 0.067 Thread 0x00000000045de800 Exception <a 'java/lang/NoSuchMethodError': Method sun.misc.Unsafe.prefetchRead(Ljava/lang/Object;J)V name or signature does not match> (0x00000000eab07f90) thrown at [C:\re\workspace\8-2-build-windows-amd64-cygwin\jdk8u121\8372\hotspot\src\share\vm\prims
Event: 1.586 Thread 0x00000000045de800 Exception <a 'java/lang/ArrayIndexOutOfBoundsException': 18> (0x00000000eb843530) thrown at [C:\re\workspace\8-2-build-windows-amd64-cygwin\jdk8u121\8372\hotspot\src\share\vm\interpreter\interpreterRuntime.cpp, line 366]
Event: 1.586 Thread 0x00000000045de800 Exception <a 'java/lang/ArrayIndexOutOfBoundsException': 145> (0x00000000eb8450b0) thrown at [C:\re\workspace\8-2-build-windows-amd64-cygwin\jdk8u121\8372\hotspot\src\share\vm\interpreter\interpreterRuntime.cpp, line 366]
Event: 1.587 Thread 0x00000000045de800 Exception <a 'java/lang/ArrayIndexOutOfBoundsException': 40> (0x00000000eb846398) thrown at [C:\re\workspace\8-2-build-windows-amd64-cygwin\jdk8u121\8372\hotspot\src\share\vm\interpreter\interpreterRuntime.cpp, line 366]
Event: 3.617 Thread 0x00000000195df800 Implicit null exception at 0x0000000004f3ec36 to 0x0000000004f41581
Event: 5.309 Thread 0x00000000195df800 Implicit null exception at 0x0000000004fd1795 to 0x0000000004fd2e19

Events (10 events):
Event: 8.686 Thread 0x00000000195ca800 DEOPT UNPACKING pc=0x000000000492582a sp=0x000000001a0de688 mode 2
Event: 8.686 Thread 0x00000000195ca800 Uncommon trap: trap_request=0xffffffc6 fr.pc=0x00000000050ab524
Event: 8.686 Thread 0x00000000195ca800 DEOPT PACKING pc=0x00000000050ab524 sp=0x000000001a0de760
Event: 8.686 Thread 0x00000000195ca800 DEOPT UNPACKING pc=0x000000000492582a sp=0x000000001a0de738 mode 2
Event: 9.712 Executing VM operation: ParallelGCFailedAllocation
Event: 9.712 Executing VM operation: ParallelGCFailedAllocation done
Event: 9.713 Executing VM operation: ParallelGCFailedAllocation
Event: 10.092 Executing VM operation: ParallelGCFailedAllocation done
Event: 10.174 Executing VM operation: ParallelGCSystemGC
Event: 10.269 Executing VM operation: ParallelGCSystemGC done


Dynamic libraries:
0x00007ff7ceb30000 - 0x00007ff7ceb67000 	C:\Program Files\Java\jdk1.8.0_121\bin\java.exe
0x00007ffd5f5f0000 - 0x00007ffd5f7d0000 	C:\WINDOWS\SYSTEM32\ntdll.dll
0x00007ffd5e2d0000 - 0x00007ffd5e37e000 	C:\WINDOWS\System32\KERNEL32.DLL
0x00007ffd5b9f0000 - 0x00007ffd5bc56000 	C:\WINDOWS\System32\KERNELBASE.dll
0x00007ffd5f1a0000 - 0x00007ffd5f241000 	C:\WINDOWS\System32\ADVAPI32.dll
0x00007ffd5cb20000 - 0x00007ffd5cbbd000 	C:\WINDOWS\System32\msvcrt.dll
0x00007ffd5cbe0000 - 0x00007ffd5cc3b000 	C:\WINDOWS\System32\sechost.dll
0x00007ffd5f330000 - 0x00007ffd5f44f000 	C:\WINDOWS\System32\RPCRT4.dll
0x00007ffd5e130000 - 0x00007ffd5e2bf000 	C:\WINDOWS\System32\USER32.dll
0x00007ffd5c9f0000 - 0x00007ffd5ca10000 	C:\WINDOWS\System32\win32u.dll
0x00007ffd5f250000 - 0x00007ffd5f278000 	C:\WINDOWS\System32\GDI32.dll
0x00007ffd5bd30000 - 0x00007ffd5bec3000 	C:\WINDOWS\System32\gdi32full.dll
0x00007ffd5bed0000 - 0x00007ffd5bf6b000 	C:\WINDOWS\System32\msvcp_win.dll
0x00007ffd5bfd0000 - 0x00007ffd5c0c6000 	C:\WINDOWS\System32\ucrtbase.dll
0x00007ffd4c060000 - 0x00007ffd4c2c9000 	C:\WINDOWS\WinSxS\amd64_microsoft.windows.common-controls_6595b64144ccf1df_6.0.16299.125_none_15cbcf8893620c09\COMCTL32.dll
0x00007ffd5ee30000 - 0x00007ffd5f138000 	C:\WINDOWS\System32\combase.dll
0x00007ffd5bcb0000 - 0x00007ffd5bd22000 	C:\WINDOWS\System32\bcryptPrimitives.dll
0x00007ffd5f300000 - 0x00007ffd5f32d000 	C:\WINDOWS\System32\IMM32.DLL
0x00000000704c0000 - 0x0000000070592000 	C:\Program Files\Java\jdk1.8.0_121\jre\bin\msvcr100.dll
0x000000006f5b0000 - 0x000000006fe4b000 	C:\Program Files\Java\jdk1.8.0_121\jre\bin\server\jvm.dll
0x00007ffd5ed10000 - 0x00007ffd5ed18000 	C:\WINDOWS\System32\PSAPI.DLL
0x00007ffd59f10000 - 0x00007ffd59f19000 	C:\WINDOWS\SYSTEM32\WSOCK32.dll
0x00007ffd5edc0000 - 0x00007ffd5ee2c000 	C:\WINDOWS\System32\WS2_32.dll
0x00007ffd52600000 - 0x00007ffd5260a000 	C:\WINDOWS\SYSTEM32\VERSION.dll
0x00007ffd58210000 - 0x00007ffd58233000 	C:\WINDOWS\SYSTEM32\WINMM.dll
0x00007ffd58190000 - 0x00007ffd581ba000 	C:\WINDOWS\SYSTEM32\WINMMBASE.dll
0x00007ffd5bc60000 - 0x00007ffd5bcaa000 	C:\WINDOWS\System32\cfgmgr32.dll
0x00000000704b0000 - 0x00000000704bf000 	C:\Program Files\Java\jdk1.8.0_121\jre\bin\verify.dll
0x0000000070480000 - 0x00000000704a9000 	C:\Program Files\Java\jdk1.8.0_121\jre\bin\java.dll
0x0000000070460000 - 0x0000000070476000 	C:\Program Files\Java\jdk1.8.0_121\jre\bin\zip.dll
0x00007ffd5ccf0000 - 0x00007ffd5e126000 	C:\WINDOWS\System32\SHELL32.dll
0x00007ffd5cc40000 - 0x00007ffd5cce6000 	C:\WINDOWS\System32\shcore.dll
0x00007ffd5c0d0000 - 0x00007ffd5c817000 	C:\WINDOWS\System32\windows.storage.dll
0x00007ffd5f140000 - 0x00007ffd5f191000 	C:\WINDOWS\System32\shlwapi.dll
0x00007ffd5b990000 - 0x00007ffd5b9a1000 	C:\WINDOWS\System32\kernel.appcore.dll
0x00007ffd5b940000 - 0x00007ffd5b98c000 	C:\WINDOWS\System32\powrprof.dll
0x00007ffd5b9b0000 - 0x00007ffd5b9cb000 	C:\WINDOWS\System32\profapi.dll

VM Arguments:
jvm_args: -Djava.awt.headless=true -Xmx1024M -Dfile.encoding=windows-1252 -Duser.country=NZ -Duser.language=en -Duser.variant 
java_command: com.android.dx.command.Main --dex --num-threads=4 --output C:\Dev\Apps\Logbook\android\app\build\intermediates\pre-dexed\debug\com.android.support-support-v4-23.0.1_7f22aa686fcfffbb1ccb9098d293b1b12a5cd98d.jar C:\Dev\Apps\Logbook\android\app\build\intermediates\exploded-aar\com.android.support\support-v4\23.0.1\jars\classes.jar
java_class_path (initial): C:\Users\Andrew\AppData\Local\Android\sdk\build-tools\23.0.1\lib\dx.jar
Launcher Type: SUN_STANDARD

Environment Variables:
JAVA_HOME=C:\Program Files\Java\jdk1.8.0_121
CLASSPATH=c:\Dev\Apps\Logbook\android\\gradle\wrapper\gradle-wrapper.jar
PATH=c:\programdata\oracle\java\javapath;c:\python27\;c:\python27\scripts;c:\windows\system32;c:\windows;c:\windows\system32\wbem;c:\windows\system32\windowspowershell\v1.0\;c:\users\andrew\.dnx\bin;c:\program files\microsoft dnx\dnvm\;c:\program files\microsoft sql server\130\tools\binn\;c:\program files\microsoft sql server\client sdk\odbc\130\tools\binn\;c:\program files (x86)\microsoft sql server\130\tools\binn\;c:\program files\microsoft sql server\130\dts\binn\;c:\program files (x86)\microsoft sql server\client sdk\odbc\130\tools\binn\;c:\program files (x86)\microsoft sql server\130\dts\binn\;c:\program files (x86)\microsoft sql server\130\tools\binn\managementstudio\;c:\program files\git\cmd;c:\program files (x86)\microsoft sql server\110\dts\binn\;c:\program files (x86)\microsoft sql server\120\dts\binn\;c:\program files\microsoft\web platform installer\;c:\program files\dotnet\;c:\programdata\chocolatey\bin;c:\program files\nodejs\;c:\users\andrew\appdata\local\android\sdk\platform-tools;c:\program files (x86)\microsoft emulator manager\1.0\;%systemroot%\system32;%systemroot%;%systemroot%\system32\wbem;%systemroot%\system32\windowspowershell\v1.0\;C:\Program Files (x86)\NVIDIA Corporation\PhysX\Common;C:\Users\Andrew\AppData\Local\Microsoft\WindowsApps;C:\Users\Andrew\AppData\Roaming\npm;C:\Users\Andrew\AppData\Local\atom\bin;C:\Program Files (x86)\Microsoft VS Code\bin;C:\Users\Andrew\AppData\Local\Android\sdk\platform-tools;;C:\Users\Andrew\AppData\Local\Programs\Fiddler;%USERPROFILE%\AppData\Local\Microsoft\WindowsApps
USERNAME=Andrew
OS=Windows_NT
PROCESSOR_IDENTIFIER=Intel64 Family 6 Model 94 Stepping 3, GenuineIntel



---------------  S Y S T E M  ---------------

OS: Windows 10.0 , 64 bit Build 16299 (10.0.16299.15)

CPU:total 8 (4 cores per cpu, 2 threads per core) family 6 model 94 stepping 3, cmov, cx8, fxsr, mmx, sse, sse2, sse3, ssse3, sse4.1, sse4.2, popcnt, avx, avx2, aes, clmul, erms, rtm, 3dnowpref, lzcnt, ht, tsc, tscinvbit, bmi1, bmi2, adx

Memory: 4k page, physical 8209456k(498244k free), swap 12403760k(4140k free)

vm_info: Java HotSpot(TM) 64-Bit Server VM (25.121-b13) for windows-amd64 JRE (1.8.0_121-b13), built on Dec 12 2016 18:21:36 by "java_re" with MS VC++ 10.0 (VS2010)

time: Wed Dec 20 13:31:55 2017
elapsed time: 10 seconds (0d 0h 0m 10s)

